Start testing: Mar 22 18:17 SE Asia Standard Time
----------------------------------------------------------
1/42 Testing: check-pcg8_once_insecure
1/42 Test: check-pcg8_once_insecure
Command: "D:/Cpp/project/pcg-cpp/build-test/test-high/Release/check-pcg8_once_insecure.exe"
Directory: D:/Cpp/project/pcg-cpp/build-test/test-high
"check-pcg8_once_insecure" start time: Mar 22 18:17 SE Asia Standard Time
Output:
----------------------------------------------------------
pcg8_once_insecure:
      -  result:      8-bit unsigned int
      -  period:      2^8   (* 2^7 streams)
      -  size:        2 bytes

Round 1:
   8bit: 0xea 0x4d 0x8a 0x45 0x6b 0x23 0xcb 0xaa 0xf7 0x63 0xec 0x30 0x39 0xbc
  Again: 0xf7 0x63 0xec 0x30 0x39 0xbc 0x24 0xf4 0x82 0x85 0x8b 0x88 0x28 0x21
  Coins: HTTHTHHTTHTHTHTTTHTHHHTHHHHTHHHHHTTHHTHTTTTTTTTTHTHHHHHHHTHTHTHTT
  Rolls: 5 4 1 5 3 2 2 4 6 3 5 6 3 4 1 3 4 2 4 1 2 5 3 4 6 1 1 6 2 1 5 1 3
   -->   rolling dice used 34 random numbers
  Cards: 2c 6d 3c 4d Th Js 4s 8d 2d 9c 9h 3h 3d Td Tc 7c 5h 8c 5s 4h Qh 2s
	 Ks 6h 7d Jh 5d 8s Qs As Ah 7h Ac 5c 8h Ts 9d Kd Kc Qd Ad 6s 2h Jd
	 Kh 6c Jc 4c Qc 3s 7s 9s

Round 2:
   8bit: 0x98 0xfd 0x95 0x79 0xfc 0xf6 0x73 0x64 0x7d 0xf3 0x8e 0xa6 0x51 0xf1
  Again: 0x7d 0xf3 0x8e 0xa6 0x51 0xf1 0x1f 0x4f 0x62 0x29 0x2e 0x01 0x05 0x72
  Coins: THTTHTTTTHTHTTTHHHHTTHHTTTTTHTHTHTTTHHTHHTHHHTHTTTHTHHTHTHTHTHTHH
  Rolls: 6 6 3 2 4 3 1 4 3 1 5 5 2 2 5 5 4 4 3 2 1 6 4 5 3 6 5 4 5 2 5 1 3
   -->   rolling dice used 34 random numbers
  Cards: Th 3d 5h 9h Kd 7s Ad 7c 2h Qs 6c Ac 7d Jd 4c Tc Ah Ts 2c As 4h 9c
	 6d Kh 9d 5d 3c Td 3s Jc 8h 2d 7h Qc 8c 6h 6s Kc 8s Qh 3h 4d Qd Ks
	 4s 5s 8d 2s Jh 5c Js 9s

Round 3:
   8bit: 0xfa 0xe0 0x07 0xaf 0x5d 0xc5 0x44 0xe8 0x89 0x68 0xa5 0xa2 0x2c 0x81
  Again: 0x89 0x68 0xa5 0xa2 0x2c 0x81 0xe5 0xcf 0x54 0xb5 0x52 0x3e 0xb1 0xd1
  Coins: TTHHTTTTHHHTHTHHTHHTHTTHHHTHHTHHTTTTTTHHHTTHTTHHHTTTHTTHTHHTTTHHH
  Rolls: 1 1 2 5 6 4 5 5 4 2 2 2 3 6 5 6 1 1 4 3 3 4 5 1 3 1 2 3 2 1 1 5 6
   -->   rolling dice used 34 random numbers
  Cards: 6d 3d 4d 8d Ts 9d 4h 5h Js Kc Tc 2c Ah 9h Kd Jc As 5s Kh Ac 2h Ks
	 4s Ad 7c Qs Qh 7s 7h 8c 7d 9s Td 3h 6c 2s Th 5d 4c 3s 9c 5c Jd Jh
	 8s 8h 2d Qc Qd 3c 6h 6s

Round 4:
   8bit: 0x39 0xbc 0x24 0xf4 0x82 0x85 0x8b 0x88 0x28 0x21 0x2d 0x26 0x00 0x61
  Again: 0x28 0x21 0x2d 0x26 0x00 0x61 0xba 0x77 0xbd 0x46 0x8c 0x71 0xdc 0x87
  Coins: THTTTHTHHHTHHHHTHHHHHTTHHTHTTTTTTTTTHTHHHHHHHTHTHTHTTTHTHTTHHHHTT
  Rolls: 6 3 4 1 3 4 2 4 1 2 5 3 4 6 1 1 6 2 1 5 1 3 6 4 6 1 2 3 2 4 3 6 6
   -->   rolling dice used 33 random numbers
  Cards: Ts Qd 7c Tc 8h 2d 7d 3s 2h 6h 6d Qs 5s Ad Qh 8s 3d Js Ac Kh Th 8d
	 Kc 2c 9c 5c Td Jc Jd Kd 8c 3c 6s 4d 3h 9d 4s Ks 6c Qc 9h 5h 7s 2s
	 4c As 7h 9s 5d Ah 4h Jh

Round 5:
   8bit: 0xa6 0x51 0xf1 0x1f 0x4f 0x62 0x29 0x2e 0x01 0x05 0x72 0xe4 0xdb 0xc8
  Again: 0x01 0x05 0x72 0xe4 0xdb 0xc8 0x86 0x4b 0xa0 0x1e 0x9e 0xb4 0xa9 0xb0
  Coins: HTTTHHHHTTHHTTTTTHTHTHTTTHHTHHTHHHTHTTTHTHHTHTHTHTHTHHHHTHHTTHTTT
  Rolls: 5 2 2 5 5 4 4 3 2 1 6 4 5 3 6 5 4 5 2 5 1 3 4 5 4 2 2 5 6 4 6 4 3
   -->   rolling dice used 34 random numbers
  Cards: Qs Jc Kd Th 8c 7d Qc Qd 4c 2c 2s 9h 9s 5s Jd 2h As 8s 5d Td 7c Ts
	 9c Js 7h 5c 4s Ac 6c 6s 9d Tc 3h Ad 3d 8h Jh Qh 4h 4d Kh 2d 5h 6d
	 8d 6h Ks 7s Ah 3c 3s Kc

<end of output>
Test time =   0.08 sec
----------------------------------------------------------
Test Passed.
"check-pcg8_once_insecure" end time: Mar 22 18:17 SE Asia Standard Time
"check-pcg8_once_insecure" time elapsed: 00:00:00
----------------------------------------------------------

2/42 Testing: check-pcg8_oneseq_once_insecure
2/42 Test: check-pcg8_oneseq_once_insecure
Command: "D:/Cpp/project/pcg-cpp/build-test/test-high/Release/check-pcg8_oneseq_once_insecure.exe"
Directory: D:/Cpp/project/pcg-cpp/build-test/test-high
"check-pcg8_oneseq_once_insecure" start time: Mar 22 18:17 SE Asia Standard Time
Output:
----------------------------------------------------------
pcg8_oneseq_once_insecure:
      -  result:      8-bit unsigned int
      -  period:      2^8
      -  size:        1 bytes

Round 1:
   8bit: 0x2e 0x44 0x2f 0x91 0x50 0x84 0xcb 0x60 0x4b 0xe5 0x5f 0x97 0x0f 0x58
  Again: 0x4b 0xe5 0x5f 0x97 0x0f 0x58 0x24 0xfd 0x9c 0x42 0x6c 0xd7 0x25 0xc2
  Coins: HHTHTTTHTHHTTTTHTTHHHHHTHHHTTTHHHTHHHTTTTTTHHHTTHTHTTTHHHHTHTHTHT
  Rolls: 5 5 6 6 4 1 2 4 5 6 6 3 1 3 5 5 3 5 5 2 3 5 4 1 2 1 2 5 5 3 1 4 5
   -->   rolling dice used 36 random numbers
  Cards: 6s Jc 9h Kc 4h 4c 4s As Ah 4d Ks Js 6d Qc 5h 9d 3c 5c 9c 6h 7h 3d
	 8s 5d 6c 2c Ad 9s Ts 2s 8c Kd Qs Kh 7s 2h 3h 8h Tc Th Td Qd Ac 2d
	 8d Qh 5s Jd 7c Jh 3s 7d

Round 2:
   8bit: 0x85 0x31 0x8f 0xae 0xda 0x7d 0x34 0x1a 0x61 0xff 0x78 0x7a 0x10 0x62
  Again: 0x61 0xff 0x78 0x7a 0x10 0x62 0x5d 0x6f 0x87 0x94 0xd0 0x6b 0xb7 0xc8
  Coins: THHHHHTTHHTHTTTHTHHHHHHTHHTTHTHTTHHHTTHHHHTTTHHHHTTHHHTTHTTHHTTHT
  Rolls: 4 2 6 2 4 5 1 2 1 1 1 6 2 3 4 4 3 6 1 1 3 4 3 6 6 3 3 5 3 6 3 3 2
   -->   rolling dice used 33 random numbers
  Cards: Ac 6d Ah 6c Kh 2s As 8c 5h 8s 9h Kc Th 2h 7d 8d 7c Qs 3h Js 3d 2c
	 7h 6s 5d Jd Jc 5c Ad Ts Qc 2d 7s 4h Qd Ks Kd 4d 4s 9c 6h 8h Tc Jh
	 Td 3c 3s Qh 9d 9s 4c 5s

Round 3:
   8bit: 0xaf 0xed 0xdc 0x01 0x83 0x17 0x02 0xce 0xa2 0xaa 0x5e 0xa0 0xd4 0xee
  Again: 0xa2 0xaa 0x5e 0xa0 0xd4 0xee 0x3a 0x2b 0x3e 0xf4 0x9f 0x3c 0x0d 0x7e
  Coins: HTTTTHTTHHTHTTTTTHTHHHTHTTTHHTHTHTTTHHTHTHTTHHTTHHTTHHHTHHTTHHHHT
  Rolls: 3 6 5 3 2 4 1 3 5 3 4 4 4 5 5 6 4 3 3 6 4 4 2 4 5 3 4 4 3 6 1 5 5
   -->   rolling dice used 33 random numbers
  Cards: Js 3d Ad 6c 7d 9d Jc Kc 9s 6s As Th 4c 2s Jh Ah 5d 3s 3h 9c Kh Ac
	 Jd 8d 8s 7s Td 2d 2h 2c 8c 3c 7c 4d Tc 5c 6h Ks 7h 4h Qs Qh 4s Ts
	 Kd 8h 9h Qc 5h 5s 6d Qd

Round 4:
   8bit: 0x0f 0x58 0x24 0xfd 0x9c 0x42 0x6c 0xd7 0x25 0xc2 0x2d 0xf3 0x08 0xbf
  Again: 0x25 0xc2 0x2d 0xf3 0x08 0xbf 0x48 0xc6 0xe0 0xe1 0x8c 0x29 0xb9 0x56
  Coins: TTTHTTHHHHHTHHHTTTHHHTHHHTTTTTTHHHTTHTHTTTHHHHTHTHTHTTTTHHHTHHTHH
  Rolls: 6 3 1 3 5 5 3 5 5 2 3 5 4 1 2 1 2 5 5 3 1 4 5 1 2 2 3 6 1 3 1 3 1
   -->   rolling dice used 34 random numbers
  Cards: 8s 7s 9h 3h 4c Ts 6h 6s Jd 8h Qc 4d Th 7d 2s 5s 3d Jh Ad As 8d 9s
	 2h Kh 9c 2d 6c Qs Kc Qd Qh 8c 4s Js 3s 7h 5h 5d 6d 9d 7c Jc 4h Td
	 Ah Ks Ac 5c 2c Tc Kd 3c

Round 5:
   8bit: 0x1a 0x61 0xff 0x78 0x7a 0x10 0x62 0x5d 0x6f 0x87 0x94 0xd0 0x6b 0xb7
  Again: 0x6f 0x87 0x94 0xd0 0x6b 0xb7 0xc8 0x2c 0xb3 0x75 0xc3 0xd3 0x39 0x76
  Coins: THHTHTTTHTHHHHHHTHHTTHTHTTHHHTTHHHHTTTHHHHTTHHHTTHTTHHTTHTHHHHHTT
  Rolls: 2 1 1 1 6 2 3 4 4 3 6 1 1 3 4 3 6 6 3 3 5 3 6 3 3 2 6 2 2 2 3 4 2
   -->   rolling dice used 33 random numbers
  Cards: 3s 9s Kc 7d 3c 5h 9d 6c 7c 8d Ah Kh Qs 7s 8h Th 8c 6s Tc 7h Jh 2s
	 5s Jc Qc 2d As 3d Js 6h 6d 3h Qh Ac Td 5d Jd Kd Ks 9h 2h Ts 2c 4s
	 5c Qd 9c 4c 4d Ad 4h 8s

<end of output>
Test time =   0.10 sec
----------------------------------------------------------
Test Passed.
"check-pcg8_oneseq_once_insecure" end time: Mar 22 18:17 SE Asia Standard Time
"check-pcg8_oneseq_once_insecure" time elapsed: 00:00:00
----------------------------------------------------------

3/42 Testing: check-pcg16_once_insecure
3/42 Test: check-pcg16_once_insecure
Command: "D:/Cpp/project/pcg-cpp/build-test/test-high/Release/check-pcg16_once_insecure.exe"
Directory: D:/Cpp/project/pcg-cpp/build-test/test-high
"check-pcg16_once_insecure" start time: Mar 22 18:17 SE Asia Standard Time
Output:
----------------------------------------------------------
pcg16_once_insecure:
      -  result:      16-bit unsigned int
      -  period:      2^16   (* 2^15 streams)
      -  size:        4 bytes

Round 1:
  16bit: 0x9bec 0x5957 0x960e 0xd08d 0x4e05 0xde00 0x03f7 0x1fa6 0xee22 0xf6fa
  Again: 0x4e05 0xde00 0x03f7 0x1fa6 0xee22 0xf6fa 0x4aad 0xed64 0x9b8a 0x8a77
  Coins: TTTHTTHTTHHHTTHHTTTTHTHHTHHTHTTHHHTTHTTHTHHTTTHTHTTHTHTHHTHTTTHTH
  Rolls: 1 4 1 3 6 4 4 4 3 1 6 4 3 6 3 5 2 6 5 2 4 4 2 4 1 2 1 4 4 6 6 2 6
   -->   rolling dice used 33 random numbers
  Cards: Js 4s Jd Ts 2h Qc 4c 9d Jh 3d 2d 8h 3c Jc Tc 9h Kh 4h 6h 4d As Qd
	 5d 8s 7s 6s 2s Kd Kc 7d 6d 7c Ks 5s Ad Qh 3s Ah 9s 6c 7h Ac Td 9c
	 3h Th 8d 2c Qs 5h 8c 5c

Round 2:
  16bit: 0x6d56 0x15fd 0xde82 0x6cef 0x283e 0x8b82 0x94b3 0xdb7a 0x6c9d 0xaeac
  Again: 0x283e 0x8b82 0x94b3 0xdb7a 0x6c9d 0xaeac 0x0522 0x1190 0xad62 0x9490
  Coins: THHHHHTTTTTTTHTHTHHHTHTHHTTHTHHHHTHHTHTHHTTTHTTTTTHHTHTTTTTHHHTTT
  Rolls: 3 4 5 5 1 1 4 6 3 4 3 4 3 4 1 6 3 5 1 6 3 4 5 5 5 4 5 6 2 6 5 4 6
   -->   rolling dice used 33 random numbers
  Cards: 4c 8d 9d 5d 2c Kh 5h 6c Ks 7h 8c 8s 7d 5s Jh Ah Qs 8h Th 2s 5c Jc
	 4d 6h 3c 9h Qh As 6s 3s Ac Kd Qc 7s Jd 9s 3d Ad Td Js Kc 6d Tc 3h
	 4h 2h 4s 2d 9c Ts 7c Qd

Round 3:
  16bit: 0x7d5b 0xfd3f 0x64a4 0x1752 0x70b2 0x093f 0x9888 0xed16 0xa2d3 0x485b
  Again: 0x70b2 0x093f 0x9888 0xed16 0xa2d3 0x485b 0x89ac 0x0b44 0x1028 0xd78f
  Coins: HHHTHTTTTHTTHTTTHHHHTTTTTTTTHTTTTTTHHHTHTTTHHTHTHHHHHTHHHHHTTTHHT
  Rolls: 4 6 5 1 2 4 3 5 1 3 6 6 5 3 2 3 5 1 2 5 6 4 5 6 1 3 2 2 6 6 5 4 2
   -->   rolling dice used 33 random numbers
  Cards: 4c 6c 5s 5h 3s Kd 6d Ac Jc As 5c 7d Qh 4d Ah 5d Qd 2d 9d Th 3c 8s
	 9c Td 6h Ts Kc 7c Qc Tc 2c 8d 7s 7h Jh 2h Qs Js 8c 9s 9h 8h 2s Ks
	 3d 3h 4h Kh Jd Ad 6s 4s

Round 4:
  16bit: 0xb560 0xc497 0xf27a 0x7b73 0x1c23 0x38f4 0xe221 0x10aa 0x030c 0x8ea3
  Again: 0x1c23 0x38f4 0xe221 0x10aa 0x030c 0x8ea3 0xf40f 0xc014 0x1fe2 0xa1c2
  Coins: TTHHTTTTTTHTTHTHHTTTHTTHHHHHHTTHHTHHTHTHTTHTTHTTHHHHTTHHHTTTTTHHH
  Rolls: 4 1 1 2 4 1 3 3 2 2 3 4 2 1 3 4 5 1 6 6 2 3 6 5 6 6 2 6 4 3 1 5 2
   -->   rolling dice used 33 random numbers
  Cards: 2s Jd Kc Tc 9d Qs Js 8c 5h 3d 6c 8h 8d Td 4s 2c 2d Th Kd Ah 9s 5d
	 7c 7h 4d Qh 7d 6d Ac Ad 7s Jc Jh 3s 4c Ts 2h 9c 8s 3c 3h 6h 4h Kh
	 As 5s Qc 9h Qd 5c 6s Ks

Round 5:
  16bit: 0xd3e8 0xe4e6 0xa68f 0xe732 0x7e4e 0xbd98 0x537b 0x0be1 0x720b 0x2087
  Again: 0x7e4e 0xbd98 0x537b 0x0be1 0x720b 0x2087 0x5534 0x84ba 0x94b4 0x30f1
  Coins: HTTHTTTTTHHTHHTTTTHTHTTTTHTTHHHTTTTHTHTTTHTHHTHHHTTTHHTTTTHHHTHTH
  Rolls: 5 5 2 6 4 2 3 4 6 3 5 3 2 3 2 6 2 3 4 4 3 4 6 1 1 1 1 3 6 6 1 3 3
   -->   rolling dice used 33 random numbers
  Cards: 3d Ah 6c Ts 3h Kh 4s 9h 6s As 5c 7c 8h 9s Kd 6d Th Qs 7h Ad Qh Js
	 5h 9c Qd Jh 8s 7d 3c 9d 3s Ac 4h 2c 8c Td Tc 5s Qc Kc 4d 2h Jd 7s
	 2s Ks 5d Jc 8d 4c 6h 2d

<end of output>
Test time =   0.08 sec
----------------------------------------------------------
Test Passed.
"check-pcg16_once_insecure" end time: Mar 22 18:17 SE Asia Standard Time
"check-pcg16_once_insecure" time elapsed: 00:00:00
----------------------------------------------------------

4/42 Testing: check-pcg16_oneseq_once_insecure
4/42 Test: check-pcg16_oneseq_once_insecure
Command: "D:/Cpp/project/pcg-cpp/build-test/test-high/Release/check-pcg16_oneseq_once_insecure.exe"
Directory: D:/Cpp/project/pcg-cpp/build-test/test-high
"check-pcg16_oneseq_once_insecure" start time: Mar 22 18:17 SE Asia Standard Time
Output:
----------------------------------------------------------
pcg16_oneseq_once_insecure:
      -  result:      16-bit unsigned int
      -  period:      2^16
      -  size:        2 bytes

Round 1:
  16bit: 0x7f90 0x7f82 0x54f7 0xe8c8 0x9444 0xba1a 0xb7fb 0x2167 0x39dd 0xb0f2
  Again: 0x9444 0xba1a 0xb7fb 0x2167 0x39dd 0xb0f2 0x71e2 0xa94c 0x05c4 0x8119
  Coins: THHHTTTHHHHHHTHHHTTTTTHHHHTHHTHHTTTTHTHTTHHHHTHTHTHTTHTHTHHTTHTHH
  Rolls: 1 1 1 6 4 2 5 2 3 5 6 5 1 2 5 2 2 5 3 2 5 4 4 3 5 4 3 5 3 2 3 4 4
   -->   rolling dice used 33 random numbers
  Cards: 3s 5s 2h 9c 4d Qc Ks Ad 3h 8s 8d Td Ts 3d 4s As Js 8c 7c Qd Tc 5c
	 Jd 6h Th Qh 4c 2c Ac 6s 9d 7s 3c Kc 9h Qs 7h 9s Jh 8h 2d 6c 7d Jc
	 5d Ah 6d Kh 4h Kd 2s 5h

Round 2:
  16bit: 0x19d4 0xadde 0xdce3 0xe222 0x7199 0xe4aa 0x9e56 0xe264 0x238e 0xe5b9
  Again: 0x7199 0xe4aa 0x9e56 0xe264 0x238e 0xe5b9 0x6d73 0x83e3 0x281e 0x91cc
  Coins: HTTHHTHTHTTHHHTHHHHHTHTHHTHTTTTTHHHHHHHHHHTTTTTTHTTHTHHHHTHTTTTHH
  Rolls: 4 3 1 1 5 3 5 5 4 1 3 1 1 1 4 3 2 2 4 1 5 3 1 6 4 6 4 6 6 2 5 2 6
   -->   rolling dice used 33 random numbers
  Cards: 4s 8d Tc Kd 9h 7h Qc 4h 7c Kh 5d 4c 5h Kc 7s Ac Js Ts Ks Jd Th 8s
	 4d 3d 5s 8c 3c Jc Td 7d Ad 3h Qh 9d 2s 6h 6s 2h 2d 8h As 9c 6d Qd
	 Ah 2c 3s 6c 5c 9s Qs Jh

Round 3:
  16bit: 0x0b43 0x96d8 0x6d84 0xfb69 0xfdbc 0x053b 0x64bc 0x145d 0xd617 0xaaed
  Again: 0xfdbc 0x053b 0x64bc 0x145d 0xd617 0xaaed 0x4438 0x09f3 0x90da 0x0ecc
  Coins: HTTTHTHHHTTTHTHHTHHHHTHTHHTHHTTHTTTHTTTHHHTTHHHHTTTTHHHTHTTHTHTTH
  Rolls: 2 3 3 5 3 4 6 2 2 3 4 6 5 2 1 2 3 1 4 1 3 4 1 6 4 2 2 6 3 3 5 6 2
   -->   rolling dice used 33 random numbers
  Cards: 4c Jd 2s 2c 8s Td 3d Ac 9c 9d Th 6s Qd 4d 6d 7s 9s Jh 8h Kh 8d 7h
	 5h 3h 4h 7d Tc 2h Qc Qh Ts 7c 2d 5c 3c Jc Ks 5d As 9h Ad 8c Qs Ah
	 6h 3s 5s 6c Kc 4s Kd Js

Round 4:
  16bit: 0x8e36 0x32bf 0x52af 0x7420 0x6630 0x6d3b 0x9052 0xf56d 0xdc76 0x018d
  Again: 0x6630 0x6d3b 0x9052 0xf56d 0xdc76 0x018d 0xfdee 0xbb1e 0x9892 0xa779
  Coins: THHTTTTTHTTHHHTTTHHTHHTHTHTTHHHTHHTHTTTTHTTHTTHHHHHTHHTTHHTHHTHTT
  Rolls: 2 4 6 4 3 6 4 1 5 5 1 5 2 3 3 1 2 1 1 4 6 3 1 3 6 3 1 4 1 5 1 2 1
   -->   rolling dice used 33 random numbers
  Cards: Td 6s Qh 3c Ts 7d Js 5h 3d 6h 7h Ac 9s Th 2d Ah 4d As 8h 8s 8c 4h
	 8d Jd 5s Kd 7s Tc Ks 6d Jh Jc 7c Qs 5d 9c 9h 5c 2h Kc 2s 3s 3h 6c
	 Qc Qd 4c 4s Ad 2c 9d Kh

Round 5:
  16bit: 0x50cc 0xc1f3 0x63d4 0x436e 0xabb8 0x1983 0xe595 0x6424 0xf0f6 0x7a55
  Again: 0xabb8 0x1983 0xe595 0x6424 0xf0f6 0x7a55 0xf5d1 0xa53f 0x3e76 0x1bd5
  Coins: TTTHTHHTHTHTTTTHTTHTTHTTTHTTTTTTHHHHTTHHTTHTTHHHHHTTHHHTTTHTHTHHT
  Rolls: 1 1 6 1 1 1 4 4 2 4 6 1 6 2 4 1 2 6 2 2 5 6 2 4 2 6 1 1 1 6 5 6 1
   -->   rolling dice used 33 random numbers
  Cards: Th 6c 2d 7s Ad 9d 8s 8c Jc Kc Jh 6s Qc Ac Tc 9c 4d 2s 3d 2h 4h 3c
	 Qh 2c As 5d Qs 7h Kh Jd 4c 5c 8h 9s Qd 5h 9h Td 3h 5s Ks 3s Ts Ah
	 6h Js Kd 8d 7c 6d 4s 7d

<end of output>
Test time =   0.11 sec
----------------------------------------------------------
Test Passed.
"check-pcg16_oneseq_once_insecure" end time: Mar 22 18:17 SE Asia Standard Time
"check-pcg16_oneseq_once_insecure" time elapsed: 00:00:00
----------------------------------------------------------

5/42 Testing: check-pcg32
5/42 Test: check-pcg32
Command: "D:/Cpp/project/pcg-cpp/build-test/test-high/Release/check-pcg32.exe"
Directory: D:/Cpp/project/pcg-cpp/build-test/test-high
"check-pcg32" start time: Mar 22 18:17 SE Asia Standard Time
Output:
----------------------------------------------------------
pcg32:
      -  result:      32-bit unsigned int
      -  period:      2^64   (* 2^63 streams)
      -  size:        16 bytes

Round 1:
  32bit: 0xa15c02b7 0x7b47f409 0xba1d3330 0x83d2f293 0xbfa4784b 0xcbed606e
  Again: 0xa15c02b7 0x7b47f409 0xba1d3330 0x83d2f293 0xbfa4784b 0xcbed606e
  Coins: HHTTTHTHHHTHTTTHHHHHTTTHHHTHTHTHTTHTTTHHHHHHTTTTHHTTTTTHTTTTTTTHT
  Rolls: 3 4 1 1 2 2 3 2 4 3 2 4 3 3 5 2 3 1 3 1 5 1 4 1 5 6 4 6 6 2 6 3 3
   -->   rolling dice used 33 random numbers
  Cards: Qd Ks 6d 3s 3d 4c 3h Td Kc 5c Jh Kd Jd As 4s 4h Ad Th Ac Jc 7s Qs
	 2s 7h Kh 2d 6c Ah 4d Qh 9h 6s 5s 2c 9c Ts 8d 9s 3c 8c Js 5d 2h 6h
	 7d 8s 9d 5h 8h Qc 7c Tc

Round 2:
  32bit: 0x74ab93ad 0x1c1da000 0x494ff896 0x34462f2f 0xd308a3e5 0x0fa83bab
  Again: 0x74ab93ad 0x1c1da000 0x494ff896 0x34462f2f 0xd308a3e5 0x0fa83bab
  Coins: HHHHHHHHHHTHHHTHTHTHTHTTTTHHTTTHHTHHTHTTHHTTTHHHHHHTHTTHTHTTTTTTT
  Rolls: 5 1 1 3 3 2 4 5 3 2 2 6 4 3 2 4 2 4 3 2 3 6 3 2 3 4 2 4 1 1 5 4 4
   -->   rolling dice used 33 random numbers
  Cards: 7d 2s 7h Td 8s 3c 3d Js 2d Tc 4h Qs 5c 9c Th 2c Jc Qd 9d Qc 7s 3s
	 5s 6h 4d Jh 4c Ac 4s 5h 5d Kc 8h 8d Jd 9s Ad 6s 6c Kd 2h 3h Kh Ts
	 Qh 9h 6d As 7c Ks Ah 8c

Round 3:
  32bit: 0x39af5f9f 0x04196b18 0xc3c3eb28 0xc076c60c 0xc693e135 0xf8f63932
  Again: 0x39af5f9f 0x04196b18 0xc3c3eb28 0xc076c60c 0xc693e135 0xf8f63932
  Coins: HTTHHTTTTTHTTHHHTHTTHHTTHTHHTHTHTTTTHHTTTHHTHHTTHTTHHHTHHHTHTTTHT
  Rolls: 5 1 5 3 2 2 4 5 3 3 1 3 4 6 3 2 3 4 2 2 3 1 5 2 4 6 6 4 2 4 3 3 6
   -->   rolling dice used 33 random numbers
  Cards: Kd Jh Kc Qh 4d Qc 4h 9d 3c Kh Qs 8h 5c Jd 7d 8d 3h 7c 8s 3s 2h Ks
	 9c 9h 2c 8c Ad 7s 4s 2s 5h 6s 4c Ah 7h 5s Ac 3d 5d Qd As Tc 6h 9s
	 2d 6c 6d Td Jc Ts Th Js

Round 4:
  32bit: 0x55ce6851 0x97a7726d 0x17e10815 0x58007d43 0x962fb148 0xb9bb55bd
  Again: 0x55ce6851 0x97a7726d 0x17e10815 0x58007d43 0x962fb148 0xb9bb55bd
  Coins: HHTHHTTTTHTHHHHHTTHHHTTTHHTHTHTHTHHTTHTHHHHHHTHHTHHTHHTTTTHHTHHTT
  Rolls: 6 6 3 2 3 4 2 6 4 2 6 3 2 3 5 5 3 4 4 6 6 2 6 5 4 4 6 1 6 1 3 6 5
   -->   rolling dice used 33 random numbers
  Cards: Qd 8h 5d 8s 8d Ts 7h Th Qs Js 7s Kc 6h 5s 4d Ac Jd 7d 7c Td 2c 6s
	 5h 6d 3s Kd 9s Jh Kh As Ah 9h 3c Qh 9c 2d Tc 9d 2s 3d Ks 4h Qc Ad
	 Jc 8c 2h 3h 4s 4c 5c 6c

Round 5:
  32bit: 0xfcef7cd6 0x1b488b5a 0xd0daf7ea 0x1d9a70f7 0x241a37cf 0x9a3857b7
  Again: 0xfcef7cd6 0x1b488b5a 0xd0daf7ea 0x1d9a70f7 0x241a37cf 0x9a3857b7
  Coins: HHHHTHHTTHTTHHHTTTHHTHTHTTTTHTTHTHTTTHHHTHTHTTHTTHTHHTHTHHHTHTHTT
  Rolls: 5 4 1 2 6 1 3 1 5 6 3 6 2 1 4 4 5 2 1 5 6 5 6 4 4 4 5 2 6 4 3 5 6
   -->   rolling dice used 33 random numbers
  Cards: 4d 9s Qc 9h As Qs 7s 4c Kd 6h 6s 2c 8c 5d 7h 5h Jc 3s 7c Jh Js Ks
	 Tc Jd Kc Th 3h Ts Qh Ad Td 3c Ah 2d 3d 5c Ac 8s 5s 9c 2h 6c 6d Kh
	 Qd 8d 7d 2s 8h 4h 9d 4s

<end of output>
Test time =   0.08 sec
----------------------------------------------------------
Test Passed.
"check-pcg32" end time: Mar 22 18:17 SE Asia Standard Time
"check-pcg32" time elapsed: 00:00:00
----------------------------------------------------------

6/42 Testing: check-pcg32_c1024
6/42 Test: check-pcg32_c1024
Command: "D:/Cpp/project/pcg-cpp/build-test/test-high/Release/check-pcg32_c1024.exe"
Directory: D:/Cpp/project/pcg-cpp/build-test/test-high
"check-pcg32_c1024" start time: Mar 22 18:17 SE Asia Standard Time
Output:
----------------------------------------------------------
pcg32_c1024:
      -  result:      32-bit unsigned int
      -  period:      2^32832   (* 2^63 streams)
      -  size:        4112 bytes

Round 1:
  32bit: 0x9f2e1932 0x778f59b0 0x288e298c 0x7c86f454 0x5380867e 0xbc1ebfef
  Coins: TTTTHTHTTHTTHHTTTTTTHHTHHHTTTHHHHHHTTTHHTTHHHTTTTTTHHHTHTTTTHTHHT
  Rolls: 3 6 4 1 6 2 2 3 4 3 1 3 4 3 3 2 6 1 1 3 3 6 3 4 5 6 3 4 4 3 2 6 6
  Cards: 8d 3c 8c Kh 5d 6s 6h Th 7s Ad 9s 3h 9h 9c 7h 5s Qd As Jc 8s 2h 6c
	 Ah 5c Qh Kd Ts 7d Qs 8h 4h 4s Jd 3s Ac 5h Qc 2s 3d 7c 6d 9d 2c Js
	 Td Kc 2d Ks Jh 4c 4d Tc

Round 2:
  32bit: 0x566843ac 0x905997f7 0x5b238391 0x66aed7fc 0xba6c7310 0x977fc9df
  Coins: TTHTTTTHHTTHTHHTHTHTTTHHHHTHHHHTTHHHHTHTTTTTHHHHHHHTHHHTTHTTHTTHH
  Rolls: 3 6 5 6 3 3 3 5 2 2 3 2 6 2 1 5 5 4 4 3 3 3 1 3 4 5 1 4 5 6 4 4 1
  Cards: 2h As 2c Qh 7d 5s Jc 6s 7h Kh 9s 4h 3s 2d 6h Qc Kc 8c Ah Tc 4c 7c
	 Ad 3c 7s 9c 3d 2s 5d 6c Qd 6d Jd 5h 9h 5c 8d Ks 8h 4s Ts Jh Th 8s
	 Js 4d Ac Td Qs Kd 3h 9d

Round 3:
  32bit: 0xddea7331 0x79f2e4e5 0x60cc53a2 0xa5c5ccc5 0x3e3053ad 0x1434a470
  Coins: TTTTTTTHHTHHHTHHTHHHTTTTHHTTHHHHTTTHTTTHTTHTHHHTHTHHTHTTHHTHTTTTT
  Rolls: 5 6 1 5 3 2 4 1 4 3 4 2 4 2 2 2 5 6 6 3 5 4 3 4 2 1 3 1 1 1 3 2 2
  Cards: 4s Kh 6c Qc 5s Jc 3d 2s 6h 7s Th 3s 5d Ts Ks 9c Jd 5c Qh Ah 8s Td
	 7h Ac As 9s 2d 2c Ad 9h Qs 2h 8c 4h 6s 8h 5h 7d 3c Jh 9d Qd 7c 6d
	 Kd 8d Tc Js Kc 3h 4d 4c

Round 4:
  32bit: 0x37d70079 0x274cad70 0xbcab1ee3 0x423840d4 0xf1becf52 0x26cfcace
  Coins: HTHTHHTTHHTHHTHHTHTHHTTHTTTHTHHTHTTTHTTTHTHHTTTTTTTTHTHHHHTTHTHTT
  Rolls: 5 5 5 2 1 1 1 2 2 1 3 2 5 5 3 1 6 5 5 2 3 4 6 1 4 4 5 3 1 5 6 5 4
  Cards: Jh 8d 3s 5c 5d Ac 3c Kd 4s Jd Tc Qs Qd Js 8h 9h Th Kh Ts 7d Td 7h
	 9c Kc 2s 7c 9d 6s 6d Qc 4d 3d 4c 3h Ad Ks 7s Jc 2d 2c 5s Qh 6c 4h
	 8c Ah 6h 5h 9s 8s As 2h

Round 5:
  32bit: 0x85d178c2 0xc263a20b 0x232a5ea9 0xaf7570ce 0x2e0b0f69 0x11823de5
  Coins: TTTHTHHHTTHTTHHHTHTTHHTTTHHTTHTTTHTTHHTTHTTTHTTHTTHHTHTHHHHTTTTTH
  Rolls: 1 5 2 1 4 3 3 6 1 5 6 1 5 5 4 4 1 6 2 3 6 1 3 5 5 3 2 2 5 3 6 4 4
  Cards: 3d 8c 2d 2s As 4s 4c Tc Kc 7c Jd 5s 3c 2h 7h 6c 8s 5c Ah 6h Jc 7d
	 Qs Ac 9c 2c 6s Th Kd Jh 9d 8h Js Td Kh Ad 3s 4h 9s 4d 9h Qc Qh Ks
	 Qd Ts 5d 3h 7s 8d 6d 5h

<end of output>
Test time =   0.09 sec
----------------------------------------------------------
Test Passed.
"check-pcg32_c1024" end time: Mar 22 18:17 SE Asia Standard Time
"check-pcg32_c1024" time elapsed: 00:00:00
----------------------------------------------------------

7/42 Testing: check-pcg32_c1024_fast
7/42 Test: check-pcg32_c1024_fast
Command: "D:/Cpp/project/pcg-cpp/build-test/test-high/Release/check-pcg32_c1024_fast.exe"
Directory: D:/Cpp/project/pcg-cpp/build-test/test-high
"check-pcg32_c1024_fast" start time: Mar 22 18:17 SE Asia Standard Time
Output:
----------------------------------------------------------
pcg32_c1024_fast:
      -  result:      32-bit unsigned int
      -  period:      2^32832
      -  size:        4104 bytes

Round 1:
  32bit: 0x1e355225 0xe4a06497 0xbb5f3b7b 0x5eae6c11 0xbe34aa20 0xcbd73863
  Coins: THTTHHHTTTHTHTTHHHTTHHHTHHTHTHTTTHHHTHHTHTTTHHHHTTTHHHHTTTTTHTTTT
  Rolls: 1 5 1 5 1 4 2 3 2 4 3 3 6 1 1 6 6 5 5 4 4 3 2 3 2 2 6 4 5 4 4 1 2
  Cards: 7c Ac Jc Qd 5c 5h Kh 8d 2h Js 5d Ts Qs 3d 4c 6c 9c 8s 7h 7s Qc As
	 9d 8h 6s Ks Kc 3s 4d 2c 4s Qh Kd 5s 3c Th Ah 2d Td Jd Ad 8c 2s 4h
	 Tc 9s 6h Jh 7d 9h 3h 6d

Round 2:
  32bit: 0x2a0995a5 0x33960b87 0x44137706 0x1c4df60f 0x03788d7f 0x20a26cfa
  Coins: HHTTTTTTTHHHHHTHHTHHHTHHTTTTTTHHHTHTTTTHHTHHHTHHTHHHTHTTTHHTHHTHH
  Rolls: 5 5 6 1 2 6 5 3 3 6 4 5 4 5 4 4 6 2 5 5 1 6 2 5 5 5 1 5 2 5 6 4 3
  Cards: Qc 4s 6c 6d Qd 2h Ts 2s Qs 7h Ad 3h 5c 4c Kd 6s 2d 4d Jh Ac 7d 3s
	 8h 5s 9h 8s Ah 8d 9d Td Tc Ks 8c Js 3c Kc 7c 6h 2c 9s 5d 7s Qh Th
	 4h 3d Jd 9c Kh 5h Jc As

Round 3:
  32bit: 0x163fedf6 0xf81a02e1 0x5337b072 0xb1089395 0xcb17724c 0xd19f73d1
  Coins: HHHHHTTHHHHHTTTTHHTHHHTTTHHHTTTHHHHHHHTHTTHHHTHHHHTHTTTHTHTHTTTTT
  Rolls: 4 4 3 5 3 2 6 2 3 3 6 1 6 2 2 2 5 5 6 1 2 5 1 4 1 1 3 4 6 6 6 6 4
  Cards: 2c Jd 8c Kh 2d Qh Jc 7c Ah 7d Qd 3h 8h Td 5h 8s 6c 9s Th Qs 6h Tc
	 Qc Ts 8d 2s Jh Kd 3d 5d 3s Js Ad 6d 5c 2h Ks 9h 7s 3c 9d 5s 6s 4h
	 4d Kc 4s As Ac 7h 9c 4c

Round 4:
  32bit: 0x4ca9b37f 0x5f024b85 0x6dfb8620 0xbf0d2c53 0x1408579f 0xf8915f8b
  Coins: HTTHHTTHTHTHTTTHHTTHTTHTHHHHTTTTHHTHHTHHHHHTTHTHTHHHHTTHTHHTHHTTH
  Rolls: 1 6 2 4 4 5 6 3 1 3 5 2 4 3 4 4 6 6 5 2 3 3 2 2 4 1 6 4 5 2 5 5 2
  Cards: Jc 4h 8c 3c 5c 7d 4c 2c Ad Kh Ah 3h 2d Qs 7h Qh Qc Ks 7s 4d Th Ts
	 4s Td Kd 6c 6s 2s 9h 9s Tc 8d 8s 6h Jd Js As 7c 2h Jh Qd 9c Kc 3s
	 6d 5h Ac 8h 5s 3d 5d 9d

Round 5:
  32bit: 0x242c363b 0x1fa88c24 0xd3dc68bb 0xc935d193 0xce165b29 0x5cbafaf4
  Coins: TTHHTTHTHHHHTHHTTHTTTTHHTHHTTTTTHTTHTHHTHHTHHTHTTHTTHTHHTTHTTHTTT
  Rolls: 5 6 1 2 5 2 4 6 3 5 3 4 1 4 2 4 5 3 2 3 6 4 4 6 1 6 2 3 2 2 3 3 5
  Cards: Jd 7c Ad Kc 4h 5d 7d 8d 6d Th 7h 9s Ac 5h 4d Tc 9h Kh As 9c Qs 3c
	 3h 3s Jc 2h Js Ts 8h 8c 9d Td 2c Ks Jh 6s 2s 4c 6c Kd 7s 4s 2d 8s
	 5c Ah 6h 3d Qc Qh Qd 5s

<end of output>
Test time =   0.08 sec
----------------------------------------------------------
Test Passed.
"check-pcg32_c1024_fast" end time: Mar 22 18:17 SE Asia Standard Time
"check-pcg32_c1024_fast" time elapsed: 00:00:00
----------------------------------------------------------

8/42 Testing: check-pcg32_c64
8/42 Test: check-pcg32_c64
Command: "D:/Cpp/project/pcg-cpp/build-test/test-high/Release/check-pcg32_c64.exe"
Directory: D:/Cpp/project/pcg-cpp/build-test/test-high
"check-pcg32_c64" start time: Mar 22 18:17 SE Asia Standard Time
Output:
----------------------------------------------------------
pcg32_c64:
      -  result:      32-bit unsigned int
      -  period:      2^2112   (* 2^63 streams)
      -  size:        272 bytes

Round 1:
  32bit: 0x020b2353 0x7a157379 0xada83160 0x2953c47e 0x77c0190d 0x3f19bcb1
  Coins: TTTHHHHTTHHTHHHHTHHHHHTHTTHTTHTTHHTHTTTTTHHTTHHTHHHHHTHTTHHTHTHTT
  Rolls: 4 3 2 1 6 2 3 6 2 2 3 6 3 6 2 1 4 4 2 1 4 5 1 4 6 2 4 1 2 5 6 2 4
  Cards: Qc Jh 9c 5c 7s Kh 2c Ts 8h Ks Ad 5h Th Qs 4h 6d 2s Qh Js 6c 7c 5s
	 8c Ac 2d 8d 9d Kc 3h 4c 9s 9h Kd 3s 6h 5d Td Ah As Qd 3d 4s 8s Jd
	 2h Tc 6s 7d 3c Jc 4d 7h

Round 2:
  32bit: 0x24751219 0x62509dfc 0xad1edbf0 0x8358d34a 0x281bfe2a 0x6fb4e17d
  Coins: HHTHTHTHTHHHHTHTTHTTHHTTHHTTTHHTHHHHTTHHTTTHTTHHHHHTHHHHHHTTTHTTT
  Rolls: 6 1 5 3 1 3 4 6 3 3 3 2 6 1 3 1 3 6 5 2 4 2 3 6 6 3 4 3 4 4 6 5 3
  Cards: 6c Jc Qh 7c Qd 5d 6s Ks Ts 5h 6d 2s 5c Kh 4d 8h As 9h 9s 2d Qc Jh
	 Ah 8s Td 7s 2c Ad Qs 9c 2h Kd Kc 8d 5s Tc 4c Js 6h Th 8c 7d Jd 3h
	 3d 7h 3c 9d 4h 4s 3s Ac

Round 3:
  32bit: 0xaefc5f6a 0x8837288e 0x99485a39 0x6b33e8ec 0x3b0d9da8 0xa22e1914
  Coins: HTTHTHHTTHHTHHHTHHTHTHTTHTHTTTTHHTHHTHHHHHHHHHHHTHHTHHHTTTTTTTHHT
  Rolls: 2 4 6 4 2 6 2 3 2 5 1 4 3 5 6 5 6 1 3 2 4 6 4 6 2 3 3 3 3 3 4 6 1
  Cards: 7s 3c Ad Jh 7d Qs As 2d 4d 9d Kc 8h 9s 3s 2c 8c 5c 6h Jd Ah 9h Th
	 Qh Tc 6c Js Kd 2h 4s 7h 6s 8s 5d Td Qc 4c Kh Qd Ks 5s Ts 8d Jc 2s
	 4h 6d Ac 7c 9c 3d 3h 5h

Round 4:
  32bit: 0x910a66f1 0xfaea9f3a 0x1fb82293 0x4842083e 0xe10fbb53 0x9f265bdf
  Coins: HHTTHHTHHHHHHTHHHHHTTHHTTHHTHTTTHHTHTHHHHHHTHHTTHHTHTTHHHHTTTHHTT
  Rolls: 1 3 2 6 4 3 2 4 4 3 6 5 1 5 4 3 2 4 2 1 2 3 2 5 5 3 6 2 6 2 6 1 1
  Cards: 5d 3s Ac Kd Qc Qs 4s 6s Ks 8h 3c Jc Th Ad 5h 9s 9c 5c 2s 9d 7h 4d
	 2d Ah Tc 2c 4h 5s 9h Jd Td Ts Kh 6c 7c Qh 7d As 7s 3h 6d 8c Qd Kc
	 3d 6h 8s 2h Js 4c Jh 8d

Round 5:
  32bit: 0xd8fe156d 0xeee08bf3 0x6e5beff9 0x1defb7b7 0xbc64b375 0x11e75f12
  Coins: HHHHHTTTHTTHTHHHHHHHHHHHTHHTTTHHTHTTHHTHTHTHHTTHHTTTTTTHHHHHTTTTH
  Rolls: 5 1 5 5 6 1 3 6 1 4 6 4 2 4 1 3 3 5 3 2 4 6 2 2 3 4 6 3 6 4 5 3 2
  Cards: 7d 3s 2d Ac 9s 9d Qh Jh 5c 4c 6h 9c 9h 5h Td 5s 7h Jc 4d 6s 3d Js
	 4s 7c 2h 8s Qd 6c 8d 7s Kc Qc Jd Ks 8h Qs 5d 2s Kd Ah Ad 4h 3c Tc
	 6d 2c Kh Th 3h Ts 8c As

<end of output>
Test time =   0.08 sec
----------------------------------------------------------
Test Passed.
"check-pcg32_c64" end time: Mar 22 18:17 SE Asia Standard Time
"check-pcg32_c64" time elapsed: 00:00:00
----------------------------------------------------------

9/42 Testing: check-pcg32_c64_fast
9/42 Test: check-pcg32_c64_fast
Command: "D:/Cpp/project/pcg-cpp/build-test/test-high/Release/check-pcg32_c64_fast.exe"
Directory: D:/Cpp/project/pcg-cpp/build-test/test-high
"check-pcg32_c64_fast" start time: Mar 22 18:17 SE Asia Standard Time
Output:
----------------------------------------------------------
pcg32_c64_fast:
      -  result:      32-bit unsigned int
      -  period:      2^2110
      -  size:        264 bytes

Round 1:
  32bit: 0x24b21aff 0x7d390e28 0x82e2dfab 0x0a2ae49e 0x3b9b07d7 0xd6c66bd1
  Coins: HTTTHHTHTHTTHHTHHHHHHHTHHHHTHTHHHTTHHHTTHHTHTHTHHHHTHHHHHHTTHHTHH
  Rolls: 5 5 3 6 1 3 2 3 6 6 5 1 3 4 2 5 5 3 1 4 3 2 1 5 2 3 5 6 6 5 4 6 3
  Cards: Qc 6h 2h 8c Tc 5c Ac 7h Ts 5d Jd 8h 3s Th 9s 9h Ad 2d Kd Jh 7c 4h
	 4c 9c 8s 6c Kh 6d Ks 4s 2c 3d Td Kc Qs 8d 7s 5s 3c 9d Ah 7d 2s Qd
	 Jc 3h As 6s Qh 4d Js 5h

Round 2:
  32bit: 0x33668329 0x05512f11 0x86b4a881 0xe69e1d73 0x078ed3c7 0xd05cee1e
  Coins: HTHTTTHHTTTHTTHHTHHHHHHTTHHHTHHHHHHHTTHHHTTTHHHHHTTHTHHHTHTTTTTTH
  Rolls: 1 1 5 3 5 6 6 4 1 4 4 1 1 4 5 2 2 2 4 1 4 6 5 1 4 2 4 6 3 5 2 4 3
  Cards: Ad 3d Kc Tc 6c 3c Ts Qd Qh 6d Jd Ks Td 8s 4h Jh As 5d Th 3s Kh 9d
	 Ac 7s 6h 9c 8h 2h 2s 4c 7d 5c 5h Ah 6s Js 9s Qs 2d 4d 8c 9h 4s 7h
	 8d 3h 7c Qc 2c Jc Kd 5s

Round 3:
  32bit: 0x0ef168f2 0x0e0f90fe 0x34f4889d 0x78274f67 0xee43a56f 0x966c625a
  Coins: HHHTTTHHHHTHHHHHTHHHHTHHHTTTTTTTHTHHHTTTHHTHTHTTTTTHHTHHTHTHTTHHH
  Rolls: 4 4 2 2 1 1 5 1 3 3 1 2 2 4 2 5 1 4 4 3 5 2 3 2 4 5 1 1 1 6 6 6 4
  Cards: Qs 8s 2d Qd 8c 6c Kh Ts Ah 4h 3d 3c 5h Qc 3s 4d Kd Ks 6s 3h Kc Jc
	 Td Jh 7c Qh Ad 4c 9s 8h 6d 7d Jd 7h 7s 5c Ac 2s 4s 9d 9h 2c 2h 6h
	 As 8d Js 5d 5s 9c Th Tc

Round 4:
  32bit: 0xeb88b9b7 0x6877b6d1 0xe4689557 0x8e7a0f18 0x1f111185 0x1c862358
  Coins: HHTTHHHTHHHTTTTTHHTTHTTTHTTHTTTTHTHHHTHTTTHHHHTHHTTTTTTTHHHTHHTTH
  Rolls: 1 1 2 4 2 1 4 1 5 1 4 1 5 5 6 3 6 4 4 3 6 6 1 5 2 5 1 1 6 4 5 1 4
  Cards: Kc 7c 4s 6s Js 3d 8c 2d 9s 5c 6c 6d Qc Qd 2h 2c Tc 7s 2s 5h 5d 9h
	 Jd Jc 3s Qs 7h 8h Td Ts Qh Kd 4c 7d 8s 3c 6h Ah Ad 4h 9d Th 9c As
	 8d 3h 5s Jh Ks 4d Kh Ac

Round 5:
  32bit: 0x92c5be80 0xf87ee090 0x9d648d40 0xf7de421a 0xba013d74 0xdb8c6381
  Coins: TTTTTTHHHTHTTTTTHHTTTHTTTTHTHHHTTTHHTHTHHHHTHTTTTHTTTHHHTTTHHTTHT
  Rolls: 1 6 1 2 5 4 3 5 5 2 4 4 5 5 2 1 1 2 2 1 3 5 1 6 2 6 3 3 5 6 4 1 6
  Cards: 5s 3h 5c Td Ah 7c 3d Tc 7h 6d 5h Th 4h Qc 9s 6c 6h Jc 4d Ts 8c 9h
	 9d 2d Js Jh 9c 8s Ad 2s 4s 8h 4c 7d 2c Ac 8d Jd 5d Kd As Qs 3c 2h
	 Qh Ks Qd 3s 6s Kh 7s Kc

<end of output>
Test time =   0.08 sec
----------------------------------------------------------
Test Passed.
"check-pcg32_c64_fast" end time: Mar 22 18:17 SE Asia Standard Time
"check-pcg32_c64_fast" time elapsed: 00:00:00
----------------------------------------------------------

10/42 Testing: check-pcg32_c64_oneseq
10/42 Test: check-pcg32_c64_oneseq
Command: "D:/Cpp/project/pcg-cpp/build-test/test-high/Release/check-pcg32_c64_oneseq.exe"
Directory: D:/Cpp/project/pcg-cpp/build-test/test-high
"check-pcg32_c64_oneseq" start time: Mar 22 18:17 SE Asia Standard Time
Output:
----------------------------------------------------------
pcg32_c64_oneseq:
      -  result:      32-bit unsigned int
      -  period:      2^2112
      -  size:        264 bytes

Round 1:
  32bit: 0x77b22db0 0xc0d701de 0xa73ff12e 0x7bec2cfc 0x94682a9d 0x493de263
  Coins: TTHTTHHTTTTHHTHHTHTHTHTTHHHHTTTHTHHHHTHTTHHTTHHTHTHTHHHHHTTTHHTHH
  Rolls: 6 4 6 6 6 2 3 3 3 2 3 1 1 1 4 2 3 6 4 3 5 3 1 6 2 1 5 3 1 5 4 4 5
  Cards: Kc 2d 9h 2s 7d 5c Td 6h 9c Th 5s 8h 3s 3h Jc 4d Qc 4h Ac Js 6s Kd
	 4c 9s 9d 8d 8c Kh Qh Jh 6d Ts 7s 8s 2c 2h Tc Ad 5h 3c 7h As Qd 5d
	 Jd 3d 4s 6c Ks 7c Ah Qs

Round 2:
  32bit: 0x4c0edc92 0x07406631 0x62de4826 0x27621708 0xf3fe1e49 0x812b2e17
  Coins: THHHHHHHHHTTTHTHTTTTHTTTHTHHTTTTTTTHHTTHTTHHTHTHHTTTTTTTTTHTTHTHH
  Rolls: 2 5 4 2 6 6 1 6 4 1 4 2 3 1 2 2 2 3 3 6 6 1 2 1 2 1 3 4 2 6 2 6 2
  Cards: Tc 4c Qs Td Ac Qh 7c 5d Ts 9s 2c 8d Ah Jd Th 5s 9c As 6d 8h 8s 3h
	 6h 9d 7d 5c 7h 3s 6s Kc Jc 8c Ks Qd Qc 3c 4d 4h 5h Jh 2s 2h 7s Kd
	 9h Js 2d 3d Kh Ad 6c 4s

Round 3:
  32bit: 0xe761bbf8 0x7993beb4 0xaff5e793 0x391ebef8 0xa4397fba 0xfba6ecaa
  Coins: TTHHTHTHTHTTHHTTHHTTHHTHHTHTHTHHTHHHHTTHHHTTTTTTHTHHHTTHTTTTHHHHT
  Rolls: 2 1 4 4 2 4 2 3 6 2 3 1 5 5 1 4 1 6 6 6 1 4 6 5 1 1 6 2 5 5 6 3 3
  Cards: 9h 8h 9c Tc 2d 3h Kh Jd As 7d Qc Ts 3s 7s Ks 5d 3d Kd Jh 7h 8c 4h
	 5s Jc 6h 2h Ac Qh Ad 2s 2c Th 7c 8d 6s 6c 9d Kc 8s 9s 5h Ah Td 4d
	 Js Qs 4c 6d Qd 4s 3c 5c

Round 4:
  32bit: 0x32a474ca 0x33a6179f 0x9184ae8c 0x9277ff8a 0xfc81ddca 0x844a798f
  Coins: THTTTTTHTTHHHTHHTTTHTHHHTHHHTTTHHTHHHTHTTHHHHHHHHHTHHTHHTHHTTHTTH
  Rolls: 1 4 5 2 4 5 1 4 5 6 5 3 2 6 2 3 3 1 6 1 3 2 4 4 4 6 6 2 2 1 4 5 4
  Cards: 5s Js 2c 2h 5h Tc Kh 8h 2s 2d 8c Kd 8s As Qs 3d Th 5d Qd Ac Td 4c
	 4h Jh 8d Qc 5c 6c 9s 4s Ks 9d 3c Ts 7d 9h 3s 3h 6d 6h Jc 4d 7c Kc
	 Qh Jd Ad 9c 6s 7s 7h Ah

Round 5:
  32bit: 0xb8af4d5e 0x3b843775 0xa811b5aa 0xcd63ad11 0xa26b78e2 0x6c6704ec
  Coins: TTTHTHTTHHTTTHTTTTTTHTTHTHTTHTHTTTHHTTHHTHTHHHHTHHHHHTTTHTHTTHHTH
  Rolls: 6 5 2 1 4 5 2 3 5 4 4 3 5 2 5 5 1 4 2 3 2 3 5 4 2 4 1 1 3 5 3 4 6
  Cards: Ah 3s Th Ks 4d 2d 2s Qh 3c 6d 7s 3h 5d 6h Ts 8c Jc Jd 2c Jh 6s Kd
	 8h Qc 9s 3d Ac 7c 4s 2h Ad 5s Qd Qs 4h 7h 5h 5c Td 9h Kc Tc Kh 6c
	 4c Js 9c 8s 9d As 7d 8d

<end of output>
Test time =   0.08 sec
----------------------------------------------------------
Test Passed.
"check-pcg32_c64_oneseq" end time: Mar 22 18:17 SE Asia Standard Time
"check-pcg32_c64_oneseq" time elapsed: 00:00:00
----------------------------------------------------------

11/42 Testing: check-pcg32_fast
11/42 Test: check-pcg32_fast
Command: "D:/Cpp/project/pcg-cpp/build-test/test-high/Release/check-pcg32_fast.exe"
Directory: D:/Cpp/project/pcg-cpp/build-test/test-high
"check-pcg32_fast" start time: Mar 22 18:17 SE Asia Standard Time
Output:
----------------------------------------------------------
pcg32_fast:
      -  result:      32-bit unsigned int
      -  period:      2^62
      -  size:        8 bytes

Round 1:
  32bit: 0x00000000 0x5c400ccc 0x03a8459e 0x9bdb59c5 0xf1c9dcf5 0xaac0af3b
  Again: 0x00000000 0x5c400ccc 0x03a8459e 0x9bdb59c5 0xf1c9dcf5 0xaac0af3b
  Coins: HTHHTHHTTHTHHHTTTTTHHTTTTHTHTHTTHTTHHHHTHHTTTHHTTTTHTTTTHHHTHTHHT
  Rolls: 1 3 1 4 3 1 4 3 5 1 5 1 6 3 4 6 2 3 3 5 5 2 5 6 5 3 2 4 2 3 1 1 3
   -->   rolling dice used 33 random numbers
  Cards: 2s 8d 7s 9h Ad Qc Jh 5s 3d 3s 7c Qs Kh Ts 3h Ac 5c 9d 6s 4c 8h 2d
	 Kc 6c 9c 8c 6d 5d As 2h 7h Th Td Js Jd 3c 5h 7d Ah Qd 4d 2c Ks 4s
	 9s Jc 6h 8s 4h Kd Tc Qh

Round 2:
  32bit: 0x9d4c8720 0x888c050e 0x20a18d88 0x9af6f5ac 0xe9e08d16 0x30dc8422
  Again: 0x9d4c8720 0x888c050e 0x20a18d88 0x9af6f5ac 0xe9e08d16 0x30dc8422
  Coins: HTHHHTTTHHHTTHHTTTTTHHHHHHHHHTTHHHHHHTTHHTTTHHTTTHHHTTTHHTHHTHTHH
  Rolls: 1 6 5 2 2 4 3 6 3 6 4 2 4 3 4 6 6 3 4 4 5 6 4 4 5 4 6 2 1 2 6 2 3
   -->   rolling dice used 33 random numbers
  Cards: 8c 3c 5h 2d 4s 7d 4h 5c Kh 5s 3s Kd 9h 6h Th 7h 8d 8h Qs Ks Tc Qh
	 Qd Ac 9d Jd Td 6d Ts 8s Js Jh 6c 7c 6s 2c Kc 2h 4d 9c 3h Ah Qc 4c
	 5d 7s Jc 9s As 2s Ad 3d

Round 3:
  32bit: 0xd9561348 0xc5f085ff 0x55b15d21 0xb00d4c13 0x1ad51817 0xb1687c92
  Again: 0xd9561348 0xc5f085ff 0x55b15d21 0xb00d4c13 0x1ad51817 0xb1687c92
  Coins: THTHHHTTTHTHHTHTHTTTTHHTTTTHHHTHTTTTTHHTHTHHHHHTTTHTTTTHTTHTTHTHT
  Rolls: 5 3 4 1 4 1 5 5 3 1 2 5 4 1 1 6 2 2 1 2 2 2 4 6 3 6 2 4 6 5 2 5 1
   -->   rolling dice used 33 random numbers
  Cards: 7d 5h As 8c Qh 6d Ts Qd Ah 6c 7c 9c 8d 9h 4s 4c 3d 4d Ad Ks Td 3s
	 3c Kd 8h Kc Jd Kh Th Qs Jh 8s 2c 7s Jc 2h 6h 9d 2d 9s Ac 2s Qc 5s
	 Js 5d Tc 5c 4h 3h 6s 7h

Round 4:
  32bit: 0xb00d4873 0x97e247d1 0x3aed3e74 0xa6f02f6a 0x007428ae 0x88fb2312
  Again: 0xb00d4873 0x97e247d1 0x3aed3e74 0xa6f02f6a 0x007428ae 0x88fb2312
  Coins: HTTHTHTTTHHTHHTTHHTTHTHHTTTHTHTHHHTHTHTTTHHHHTHHTHHHHTTHHHHTHHHHT
  Rolls: 2 5 2 5 3 4 5 6 4 3 3 3 2 2 2 3 3 3 2 6 1 2 1 3 5 4 6 6 6 3 4 5 1
   -->   rolling dice used 33 random numbers
  Cards: 4s Qc 2s 4h Kh 6d Ts 9s 2c Ks 5h Jc 2h Ac Qs Jd 8d 2d 7s 3c 8c 6c
	 Kd Kc 7h 4c 9h 3h 5s Ah 8h 7c Td 3d 6h 5d Tc Qh 3s 4d 9c Ad Qd 9d
	 8s Jh 7d 5c As Js Th 6s

Round 5:
  32bit: 0x9b08b727 0x4b6859af 0x06de6f08 0x628f4193 0x39397e2d 0x9e8304d1
  Again: 0x9b08b727 0x4b6859af 0x06de6f08 0x628f4193 0x39397e2d 0x9e8304d1
  Coins: THTHHTTTTHTTHHHTHTHTHTHHTTTHHHHTHHHTTTHHTHTHHTHTHTTTTTHHHHHHTTTHT
  Rolls: 6 1 4 1 3 4 5 6 5 1 2 6 3 3 6 4 6 5 2 1 3 6 3 3 1 5 5 3 6 2 2 2 2
   -->   rolling dice used 33 random numbers
  Cards: 4c 2h Qh 6d 6h 8h 5s Qd 6c 7d Ac 5h 8s Ad 4d 9s 2c Tc Js 3d Th Ah
	 Jd 5d 3h 4s Ts Kc 6s 8d 8c 2d Kh 7h 9c Qc 3c Td As 7c Kd 2s 9d Ks
	 Jh Jc 5c 4h 3s Qs 9h 7s

<end of output>
Test time =   0.07 sec
----------------------------------------------------------
Test Passed.
"check-pcg32_fast" end time: Mar 22 18:17 SE Asia Standard Time
"check-pcg32_fast" time elapsed: 00:00:00
----------------------------------------------------------

12/42 Testing: check-pcg32_k1024
12/42 Test: check-pcg32_k1024
Command: "D:/Cpp/project/pcg-cpp/build-test/test-high/Release/check-pcg32_k1024.exe"
Directory: D:/Cpp/project/pcg-cpp/build-test/test-high
"check-pcg32_k1024" start time: Mar 22 18:17 SE Asia Standard Time
Output:
----------------------------------------------------------
pcg32_k1024:
      -  result:      32-bit unsigned int
      -  period:      2^32832   (* 2^63 streams)
      -  size:        4112 bytes

Round 1:
  32bit: 0x35101047 0x038b320a 0x2d64ba34 0x5358b5f9 0x94ec4dae 0x1018b3a1
  Again: 0x35101047 0x038b320a 0x2d64ba34 0x5358b5f9 0x94ec4dae 0x1018b3a1
  Coins: HTHHHTTHTHHTTTTTTTHHTTHTHHHHHHTTHHHTHHTTTTHHTTHTHTHTTTTTTHTHHHHTT
  Rolls: 3 5 4 6 6 2 1 2 2 4 4 6 5 2 2 4 3 6 1 1 4 1 4 5 1 3 5 2 1 4 4 6 4
   -->   rolling dice used 33 random numbers
  Cards: Ad 4c 6s Tc Qh 7c Kd Td 5d Jc 9d 2s 4d Kc 9c Ks 8c Jh 6h 3s 3d 3c
	 5s Th 5h Ac 7h 2d Ah 6d 5c Ts Qc 8h 2c 6c 4h Qd 7s 8s Js 9s 4s 9h
	 2h Kh As 7d Jd 3h Qs 8d

Round 2:
  32bit: 0x86bbb4b0 0x521c7b58 0x9f04cb6d 0x99fa2db5 0x0fedab13 0x3784e5f2
  Again: 0x86bbb4b0 0x521c7b58 0x9f04cb6d 0x99fa2db5 0x0fedab13 0x3784e5f2
  Coins: THHHTTHHHHHHHHTTHTHHHHHTHTHHHHHTHTTTTTHHTHTHTTTHTTTHHHTHHHHHTHHHH
  Rolls: 1 1 3 2 3 6 2 6 4 2 4 2 3 1 1 4 5 6 2 2 6 4 1 1 4 3 3 5 5 3 5 2 3
   -->   rolling dice used 33 random numbers
  Cards: 6h 4h 4s 7h 4c 2d 6c 7s Kc Js Ah 8h Kd Ts Jh Ks 3s 9d 3h 6s 4d Qs
	 Jc 6d 9s Td 3d Jd 5s Qc 2c 8c 3c 5h Tc 7d Ad 2h 5d 9c 2s 9h As Th
	 8s Ac 7c Qd 5c 8d Kh Qh

Round 3:
  32bit: 0xf7229861 0xc4197aed 0xf047bd79 0xed006f07 0xa6c671c8 0xd53e3104
  Again: 0xf7229861 0xc4197aed 0xf047bd79 0xed006f07 0xa6c671c8 0xd53e3104
  Coins: HHHHTHHTTHHTTHTTHHHTHHHTTTHTTTHTHTHTHHTTTTTTHHHHHHTTTTTTTHTHHTHTT
  Rolls: 1 5 1 1 1 2 6 2 4 4 4 5 5 2 1 3 3 4 4 5 1 3 2 4 1 1 4 6 6 1 6 6 1
   -->   rolling dice used 33 random numbers
  Cards: 8c Ac 6d Jc 2d Kh Jd Qs Ks 6c Jh 3d 4s 5h Js Qc 2c 5c Ad 7d Kc 9h
	 3s 8d 6s 2s Kd Qd 6h Ts 2h As 7h 9d 3c 4h 5s Td Ah 4d 8s Tc 4c 5d
	 Th 3h Qh 9s 8h 9c 7s 7c

Round 4:
  32bit: 0x1e8c0c96 0x1e36c8b8 0x390dfe9c 0x2eefcb94 0xdc38c0ef 0xabf50bb7
  Again: 0x1e8c0c96 0x1e36c8b8 0x390dfe9c 0x2eefcb94 0xdc38c0ef 0xabf50bb7
  Coins: HHTTHTHTTTHHHHHHHTHTTHTHTHHTHHHHHHHHHTHTTTTTHTHHTHHHTTHHTTTTTHTTH
  Rolls: 3 6 6 4 4 6 2 2 3 1 2 6 2 6 6 3 3 3 4 2 6 1 6 1 1 5 6 5 4 4 5 6 1
   -->   rolling dice used 33 random numbers
  Cards: 7s 7h 7c 3d 4s 5d Th 7d Qc 3c Qs 5c Tc 5h Js 6h 6c 8c 2d 5s 9c 3s
	 4h Qd 4c 6d Qh Td Kc 2s Ac Kd 4d Jd Kh Jc 2c As Ah 8h 9s 3h 8s 2h
	 Jh 6s Ts 9d 8d Ad Ks 9h

Round 5:
  32bit: 0xaaab00d6 0x85f97565 0x45080fa4 0xb2568821 0x061724af 0xd520c0df
  Again: 0xaaab00d6 0x85f97565 0x45080fa4 0xb2568821 0x061724af 0xd520c0df
  Coins: THHHHTHTHHTTHHHTTTHHHHTHHHTTTTTTTHHTTHTTHTTHTHTHTHTHHHHTTTTTHTHHH
  Rolls: 2 3 2 1 6 2 5 1 3 1 3 5 2 2 5 6 5 5 6 1 4 4 4 3 5 3 1 4 5 4 6 4 3
   -->   rolling dice used 33 random numbers
  Cards: 6h 8s Kc As 7d Qc 5c 7h 6d 2h Tc Qd 3c Td 9s 7c Ad Ts 8d Ac Kd Js
	 Qs 4d 4h Ks 4s 4c 9h Qh 5s 8c 9c 6c 6s 5h Jc 3h 2d 3s 3d Jd Ah Th
	 5d Kh 9d 2c 2s Jh 8h 7s

<end of output>
Test time =   0.08 sec
----------------------------------------------------------
Test Passed.
"check-pcg32_k1024" end time: Mar 22 18:17 SE Asia Standard Time
"check-pcg32_k1024" time elapsed: 00:00:00
----------------------------------------------------------

13/42 Testing: check-pcg32_k1024_fast
13/42 Test: check-pcg32_k1024_fast
Command: "D:/Cpp/project/pcg-cpp/build-test/test-high/Release/check-pcg32_k1024_fast.exe"
Directory: D:/Cpp/project/pcg-cpp/build-test/test-high
"check-pcg32_k1024_fast" start time: Mar 22 18:17 SE Asia Standard Time
Output:
----------------------------------------------------------
pcg32_k1024_fast:
      -  result:      32-bit unsigned int
      -  period:      2^32832
      -  size:        4104 bytes

Round 1:
  32bit: 0xc7221d08 0xff86f771 0x75f34ec3 0xa7a2023a 0x125ae5e7 0xb5ca5bc4
  Again: 0xc7221d08 0xff86f771 0x75f34ec3 0xa7a2023a 0x125ae5e7 0xb5ca5bc4
  Coins: TTTTHTTHTTTTTHHTTHHHHTTTTHHHTTHTHHHHHHTTHTTHTHTHTTTHHTTTHHTHTHTHT
  Rolls: 3 4 2 4 1 5 1 3 4 3 4 3 2 5 2 4 6 1 6 3 3 3 1 3 1 2 3 1 4 1 4 4 6
   -->   rolling dice used 33 random numbers
  Cards: Qs 4h 8h 6d Qd Js Td 2c 3s 8d As Kh Ah Ts 5s Tc 2s 9d 7s 3c Ad 4s
	 Jh 5c Kc 9h 5d 3d Jc Th Kd Qc 4d 2d 6h 9s 5h 6s Ac Ks 7d 7c 8c Qh
	 8s Jd 6c 3h 9c 2h 4c 7h

Round 2:
  32bit: 0x748a6a64 0xa03af0b2 0xb129b59b 0xcf5e4f80 0x4839d150 0xb0ee13b8
  Again: 0x748a6a64 0xa03af0b2 0xb129b59b 0xcf5e4f80 0x4839d150 0xb0ee13b8
  Coins: HTHTHHHHHTTTHHHHTHHHHHTTTHHTHHTHTTTTHTTHTHTTHHTHHTTTTTTHTHTTTTTTH
  Rolls: 5 1 3 6 3 4 5 1 1 1 1 2 3 2 2 4 4 3 6 6 6 6 2 1 2 6 6 2 1 1 3 3 6
   -->   rolling dice used 33 random numbers
  Cards: Qd 2c 7s Ts 7h Ks 3c Kc 2s Js 9h 5c 8d 4s Jd 8c 9c Jc Kd 6c 8s Ac
	 2d 2h 9d Td Qs 7d Tc 6d 9s Ah 4h 5s 3d 3h 7c Qc 8h As 4d 6s Kh Ad
	 Qh Th 6h Jh 5d 5h 3s 4c

Round 3:
  32bit: 0xeed322b4 0x7605071e 0x12f1f90b 0x84d6454e 0x9f738fea 0xa4e3bbb2
  Again: 0xeed322b4 0x7605071e 0x12f1f90b 0x84d6454e 0x9f738fea 0xa4e3bbb2
  Coins: HHTHHHTHHHHTTTHTTHTHHTHTTTHHTTHTTTHTTHTHHTTTTTTTTHHTTHTHHHTHHHHHT
  Rolls: 4 3 3 3 6 2 1 1 4 2 5 5 1 6 2 6 6 2 4 2 2 3 5 6 5 3 3 5 2 5 5 2 5
   -->   rolling dice used 33 random numbers
  Cards: As Kh 4d 2s 3d 3h 4c Qc 8h 6d 7s Qs Kd 9c Ts 6s 7h 6h Ad Qh 9s 4h
	 Jd Ah 6c 3c Jc Ks 5h 8s 2h 7c 3s 8d Js 9h 8c 9d 2d Ac Tc 4s 5c Th
	 Kc Td 7d 2c 5s Jh 5d Qd

Round 4:
  32bit: 0x077dddbd 0x95ae5918 0x4df93a9d 0x35067e2b 0xb3a80eeb 0x621f87bd
  Again: 0x077dddbd 0x95ae5918 0x4df93a9d 0x35067e2b 0xb3a80eeb 0x621f87bd
  Coins: THTHHTTTHHTTHHTTTHHHTHHHTHHHHHHTHTTTHHHHHTHHTHTTHTHHHTTHHTTTTHHTT
  Rolls: 4 2 4 3 2 5 1 2 4 2 3 5 5 6 6 5 4 1 2 4 6 4 3 4 2 1 1 1 4 2 1 2 6
   -->   rolling dice used 33 random numbers
  Cards: 5h Qc 7c 9d 5s 4d 3d 4s Jd Qs Ad 6h 7s 6c 7d Qh 8c Ts 5d 6s Tc 2c
	 3c 8h 6d Qd 3h 4h 8s 9h Th 9c 2d Kc Kh As Js 3s 2s Jh 8d 4c 9s 5c
	 Kd 2h Ah Ac 7h Ks Jc Td

Round 5:
  32bit: 0x4a27d143 0x68c5d423 0xa02ed010 0x8412cad2 0x2356d187 0x9079eac3
  Again: 0x4a27d143 0x68c5d423 0xa02ed010 0x8412cad2 0x2356d187 0x9079eac3
  Coins: HHTHHTTTHHHTTHHTHTHHTHTTHHTHHTHHHTHHTTTHTTHTHHTTHHTTHHHHTTTTHTHTH
  Rolls: 1 6 4 1 1 4 6 1 1 5 3 2 4 5 2 6 5 1 4 2 5 4 3 6 2 4 2 5 4 5 6 3 4
   -->   rolling dice used 33 random numbers
  Cards: 5c 4d Tc Kh Qc 6h 9h 7d 7s Th 4s 5s 6s Ks 6c 3d 7h 7c 2d Ad 5h Kd
	 9c 8d 4h Qh 9s 2c 4c 5d 8h 6d Kc 3c Ts 3s As Qd Ah Jd Qs 2s 2h Jh
	 Td Jc 8c Js 9d Ac 8s 3h

<end of output>
Test time =   0.07 sec
----------------------------------------------------------
Test Passed.
"check-pcg32_k1024_fast" end time: Mar 22 18:17 SE Asia Standard Time
"check-pcg32_k1024_fast" time elapsed: 00:00:00
----------------------------------------------------------

14/42 Testing: check-pcg32_k16384
14/42 Test: check-pcg32_k16384
Command: "D:/Cpp/project/pcg-cpp/build-test/test-high/Release/check-pcg32_k16384.exe"
Directory: D:/Cpp/project/pcg-cpp/build-test/test-high
"check-pcg32_k16384" start time: Mar 22 18:17 SE Asia Standard Time
Output:
----------------------------------------------------------
pcg32_k16384:
      -  result:      32-bit unsigned int
      -  period:      2^524352   (* 2^63 streams)
      -  size:        65552 bytes

Round 1:
  32bit: 0xe7cee806 0x5f20781c 0xfe49a493 0x18715647 0x4624a50a 0x7d1c9694
  Again: 0xe7cee806 0x5f20781c 0xfe49a493 0x18715647 0x4624a50a 0x7d1c9694
  Coins: HHTTHTHHTHTTHHTTTTTTTTTTHHHTTTTTTHHHHHHHHHHHTTHTHHHHTTHHHHHHTHTTT
  Rolls: 1 5 5 1 4 1 4 6 1 6 3 1 3 3 4 6 5 4 6 1 6 3 1 2 6 1 2 1 4 2 5 3 1
   -->   rolling dice used 33 random numbers
  Cards: 4h 3c Qd Qh 4d 6d 9d 5s Jd 3d 4c 6c 9h 7h 2d Kc 6s 7d 4s 3s Kh Ah
	 Qc Ac 8s 7c As Tc 3h 5h 8d Ts 2s 9c Td Qs 9s Ad 8h 8c Th Js Kd Jh
	 6h 5c 2c 7s Ks 5d Jc 2h

Round 2:
  32bit: 0x572f5c46 0xcf87184a 0x61374621 0x9ee8ee68 0x04a606ce 0x2ecb1cdf
  Again: 0x572f5c46 0xcf87184a 0x61374621 0x9ee8ee68 0x04a606ce 0x2ecb1cdf
  Coins: THTHTHHTTTHTTHTTTHHHTTHTHHTHTTHHTTHHHHTHTTTHHHTTHHHHHHHHHTTTTHTHH
  Rolls: 6 5 6 1 3 2 4 3 2 2 4 2 1 5 5 2 3 3 4 6 6 2 3 4 1 3 4 6 2 4 5 4 6
   -->   rolling dice used 33 random numbers
  Cards: 5d Th 2d Qs Qd 6s 6d Kh 2c Kd Ad 4s Ah 6c Td Ac 4h 9s 7s Tc 8c Jc
	 Jh 9h 8d 7h 2h Ts 5c Kc Jd 3d 8s 3c 2s Qc 7c 7d Ks 6h 5h 8h 4c Js
	 Qh 4d 3s 9d 9c As 5s 3h

Round 3:
  32bit: 0xc21b1b6b 0xe17a116c 0x21895137 0xc0a7923d 0x389c0b3b 0x4a16d90e
  Again: 0xc21b1b6b 0xe17a116c 0x21895137 0xc0a7923d 0x389c0b3b 0x4a16d90e
  Coins: THTTTHHTTHHTHTTTTHHHTTHHTTHTHTHTTTHHHTHHHHHTHHHHHTHHHHHHHTTTTHTTH
  Rolls: 4 4 2 2 3 2 6 1 3 5 1 3 6 2 6 3 3 4 3 5 4 5 4 4 3 3 2 5 6 6 3 3 2
   -->   rolling dice used 33 random numbers
  Cards: 7s Qd Ah 4c 6d 4d Ac 8d Tc As 2c Jc Qs 6c 3c 9s 5h 4s Kh Kd 2d Jd
	 9d 9c Ks Jh Kc 8c Td 3s 2h Ts 5c 4h 7h 9h Th 7d Js 7c 3h 6s Qc 5s
	 8h 5d 8s 6h Ad 3d Qh 2s

Round 4:
  32bit: 0x72fea21a 0x0a08832b 0x4daa4481 0x15c072de 0x84278d28 0x426515f4
  Again: 0x72fea21a 0x0a08832b 0x4daa4481 0x15c072de 0x84278d28 0x426515f4
  Coins: HHHTTTHHTHHHHHHTTTTHHHHTTTHTTTTTTTTHHHHHHTTHTHHTTTTHTTHHHHHHHTTHH
  Rolls: 4 5 6 3 4 2 2 3 6 6 2 3 2 1 6 5 1 1 6 6 3 4 6 2 2 1 2 6 2 3 3 6 3
   -->   rolling dice used 33 random numbers
  Cards: 2h 6s Tc As 2c Ts 2s 5s 6c 8d 8s 7h 3h Ad 7c 9c Kc 4c 3c 5d 3s Qd
	 Ac 9d Qs Td 5c Th 2d Js 9s 8h 6h Qh Ks 4d Kd Jc 4s Jd Qc 6d 9h 7s
	 7d 8c 5h Kh 3d 4h Ah Jh

Round 5:
  32bit: 0x253cb0a3 0x8c048602 0xe2c21841 0x948f5ed1 0xe460f940 0x606e28a7
  Again: 0x253cb0a3 0x8c048602 0xe2c21841 0x948f5ed1 0xe460f940 0x606e28a7
  Coins: HHTTHHTTTHTHHTTHHHTTHHTHHHHHTHHTHTTTTTHTTHHHTHTHTHTHHTHTTHHHTTTHT
  Rolls: 2 2 4 4 3 1 4 2 2 3 1 4 4 6 4 2 6 4 5 3 4 2 5 5 5 1 1 1 6 6 6 2 1
   -->   rolling dice used 33 random numbers
  Cards: 2h Kh 6h Jc 3d Kd 7h 6s 5h Jh Ks 8d 6d Ad 4c 2s 7c Ah Js 7d 7s 6c
	 Td 3s 8h 5d 4h As 3c Ts Qc 9d 2c Kc Jd 9s 5s 2d 8s 4d 3h Tc Qs 8c
	 9c 4s 5c Qd Qh Th Ac 9h

<end of output>
Test time =   0.08 sec
----------------------------------------------------------
Test Passed.
"check-pcg32_k16384" end time: Mar 22 18:17 SE Asia Standard Time
"check-pcg32_k16384" time elapsed: 00:00:00
----------------------------------------------------------

15/42 Testing: check-pcg32_k16384_fast
15/42 Test: check-pcg32_k16384_fast
Command: "D:/Cpp/project/pcg-cpp/build-test/test-high/Release/check-pcg32_k16384_fast.exe"
Directory: D:/Cpp/project/pcg-cpp/build-test/test-high
"check-pcg32_k16384_fast" start time: Mar 22 18:17 SE Asia Standard Time
Output:
----------------------------------------------------------
pcg32_k16384_fast:
      -  result:      32-bit unsigned int
      -  period:      2^524352
      -  size:        65544 bytes

Round 1:
  32bit: 0x3308e4a7 0x8e821ae6 0x0a95201f 0xbfc13f62 0x392ac135 0x9a9a3aab
  Again: 0x3308e4a7 0x8e821ae6 0x0a95201f 0xbfc13f62 0x392ac135 0x9a9a3aab
  Coins: HHHTHHTHTTTHHHHHTHHHTHTHTHTTTHTTTTHHHTHTHTHTHTTHTHHTTHHTHHTHHHHTH
  Rolls: 6 2 2 3 5 2 5 6 5 3 1 4 6 5 6 4 2 1 6 4 1 1 1 6 2 2 2 5 1 1 2 1 4
   -->   rolling dice used 33 random numbers
  Cards: 7h 4c 8s 7s 4d 2h 8c Th As 9s Qh Qc 4h 9d 6d Ad 6c 3s Kh 9h Js 5c
	 Tc Ks Ac 7c 3h 2d 5s Qd 3d 2c Qs 2s 6h 8h Jd 5h Kd Ts Kc Jh 4s 7d
	 Ah 9c Td 8d 5d 6s Jc 3c

Round 2:
  32bit: 0xdadd159c 0xbc2b894c 0xd0fe7abb 0xd3c99cc7 0xeec433b7 0xeb7f9d46
  Again: 0xdadd159c 0xbc2b894c 0xd0fe7abb 0xd3c99cc7 0xeec433b7 0xeb7f9d46
  Coins: THTTHTTHTTTTTHTTHTHHTTHTTHHTHTTTTTHHTTTHHTHTHHHHHTHHTHTTHHHTHTHHH
  Rolls: 3 6 3 5 5 6 2 5 1 5 6 6 2 6 3 6 6 2 6 3 5 1 2 6 5 1 5 3 3 2 2 5 3
   -->   rolling dice used 33 random numbers
  Cards: 2s 7s Qd Ah 4c Ad 8s 5d 5h 3s Ts Kc Js 5s 8c 9h 2d Kd 4h 9d Jh 3d
	 2c Tc Ac 3c 4s 5c 7h Qc Qh 6h As 8d 2h 6d 7c Kh 3h Jd Th 9s Jc 4d
	 Qs Td 7d 9c 6s 8h 6c Ks

Round 3:
  32bit: 0x1f019ace 0x4286124a 0x3f6959fc 0x6882a83f 0xd2c77978 0x721f00b2
  Again: 0x1f019ace 0x4286124a 0x3f6959fc 0x6882a83f 0xd2c77978 0x721f00b2
  Coins: HTHTHHTHTHHHTTTTTHHTTTHTTTHTTTHHTTHTHHHHTTHHHTTHHTHTHTTTHTHTTTHTH
  Rolls: 6 1 2 6 1 5 4 6 2 1 5 2 3 1 1 6 1 2 2 3 6 1 1 1 5 5 2 1 3 4 5 4 3
   -->   rolling dice used 33 random numbers
  Cards: 6s 4d 2d 7h 9c 4c 4h As Js 3d Ts 3s Jh 8h Qc Qd Ac 8s Jc Ks 3c 5c
	 5d Jd 7c 7s Ad 6c 6h Kd 9h Tc 2s 2h 5s 6d 7d 2c 8c Qh Kh 8d Td 5h
	 Qs Th Ah 4s 9s 9d Kc 3h

Round 4:
  32bit: 0xd607142f 0x2a130ecc 0xe1cdd7c8 0xbd5fd344 0xf003d169 0x0e7823df
  Again: 0xd607142f 0x2a130ecc 0xe1cdd7c8 0xbd5fd344 0xf003d169 0x0e7823df
  Coins: HTTHHHHTTHTHTHHTHHHHHTTTTHTHHHTHHHTHHHTTHTTHTHHTTTTTHHHHHHHTHHTHH
  Rolls: 1 4 3 2 4 3 2 5 1 4 4 4 3 1 4 3 3 2 5 3 1 2 5 6 4 3 5 1 2 1 6 1 6
   -->   rolling dice used 33 random numbers
  Cards: 8s 7c 7s Kh Ks 7h Tc 7d 9c Kc 3d 6c 4d 9d 5h 6s 3c 3s Ad Jd Qh Qd
	 4c Jh 6h Ah 8d 3h 5s 5c 4h Ts 4s 8c Td 2h Jc 2d 5d 2s 6d Th Ac 2c
	 9h 9s Qc Js Kd As Qs 8h

Round 5:
  32bit: 0x1511e2e9 0x51bde329 0x7a8b724b 0x60a82f6f 0x13bf7f80 0x97870401
  Again: 0x1511e2e9 0x51bde329 0x7a8b724b 0x60a82f6f 0x13bf7f80 0x97870401
  Coins: HTTTHHTTHHHTTHHTHTTTHTHHTTTHHTTHHHHHHTTTHHTHHHHHTHTHHTTHHTTHTHHTH
  Rolls: 5 3 4 4 5 6 4 6 6 4 4 4 5 5 6 2 4 2 6 4 5 3 2 6 1 5 3 2 4 3 5 2 3
   -->   rolling dice used 33 random numbers
  Cards: 8s As 2c Ad 7s Ac Kh Qh 5d 8c Jd Qc 8d 6h 5s 2h 2d 7c 7h Qs Jh 6c
	 Kd 3s Js 9d 4s 3c 8h 7d Qd Th 4c 3h 6s 9c Ah 5h 4d Kc Tc 9h Td 6d
	 3d 9s 4h 2s Ks Ts 5c Jc

<end of output>
Test time =   0.07 sec
----------------------------------------------------------
Test Passed.
"check-pcg32_k16384_fast" end time: Mar 22 18:17 SE Asia Standard Time
"check-pcg32_k16384_fast" time elapsed: 00:00:00
----------------------------------------------------------

16/42 Testing: check-pcg32_k2
16/42 Test: check-pcg32_k2
Command: "D:/Cpp/project/pcg-cpp/build-test/test-high/Release/check-pcg32_k2.exe"
Directory: D:/Cpp/project/pcg-cpp/build-test/test-high
"check-pcg32_k2" start time: Mar 22 18:17 SE Asia Standard Time
Output:
----------------------------------------------------------
pcg32_k2:
      -  result:      32-bit unsigned int
      -  period:      2^128   (* 2^63 streams)
      -  size:        24 bytes

Round 1:
  32bit: 0x23ad45d5 0x6e2b9c53 0x23cf9e33 0x24e90350 0x7a160dc4 0x5cfeb7ad
  Again: 0x23ad45d5 0x6e2b9c53 0x23cf9e33 0x24e90350 0x7a160dc4 0x5cfeb7ad
  Coins: TTTTHTTTTHTTHTHTTHTTHTTTTTTTTHHHTHHTHTHTTHTHHTTHTHTTTHTHTHTTTHHHT
  Rolls: 3 4 4 6 5 5 5 6 6 1 6 6 6 3 4 5 6 5 3 3 6 4 5 2 1 2 1 1 4 4 4 2 5
   -->   rolling dice used 33 random numbers
  Cards: 8c 9s 4d 5s As 9c 2s Tc 7c Ks 5d Td 2d 7h 8h 2h Ah 6s 2c Qs Jd Kc
	 4c 8s Jc 5h 6d 4h 6c Kh Th Kd Js 9d 7d Qd 6h Qc Jh 3s 9h Ac 3c Ts
	 7s Qh 5c Ad 3h 4s 8d 3d

Round 2:
  32bit: 0x76ce5fd8 0x93a10635 0x3dcb594c 0x927f49c7 0x4ab6117c 0x05f1e67d
  Again: 0x76ce5fd8 0x93a10635 0x3dcb594c 0x927f49c7 0x4ab6117c 0x05f1e67d
  Coins: THTHTHHHTHHHHHHHHHHTHTTHHTHHTTTHHHHTTHHTHHTHTHTTTTHHHHHTHTHTHTHTH
  Rolls: 3 1 2 2 1 1 6 1 2 2 4 3 2 5 5 5 1 1 3 5 3 1 2 1 5 6 3 1 4 5 2 5 3
   -->   rolling dice used 33 random numbers
  Cards: 9h As 3d Tc 8h 5c 5d Jh 2s 6d 8s 4h 6c 9c 4s 4d Ts 2c 5h Ah Qh Js
	 Td Jc 3h 9s 3s Th Kd 8c Qs 2h Kh Qc 7h 6h 4c Ac 7s Qd 8d Ad 9d 7c
	 Kc 6s Ks 7d 2d 3c 5s Jd

Round 3:
  32bit: 0x5a9adcab 0x5d30c50f 0xfc94015f 0x3459e46f 0xc133138c 0x419a4672
  Again: 0x5a9adcab 0x5d30c50f 0xfc94015f 0x3459e46f 0xc133138c 0x419a4672
  Coins: HHTHTHHHTTHTTTTHHTTHHHHTTTTTTHTHHTTHTTHHHTTHHHTTHTTTHTTTTHTTTHTHT
  Rolls: 3 6 3 1 4 3 6 3 1 6 6 2 4 4 5 2 4 3 2 6 1 2 5 4 5 2 6 5 3 2 2 6 4
   -->   rolling dice used 33 random numbers
  Cards: 7d Ac 3c 7c Tc 4h Ad 9d 3s 6d 2h 7s 3d 5d Kh Th 8s 8d 4s 2d 4d Qc
	 3h Js 5s Jc 6c 2s Qs 5c Ks Jd Jh Ts Kd 8c 7h Qh 2c 4c As Qd 9s 8h
	 6h 6s 9h 9c Td Kc Ah 5h

Round 4:
  32bit: 0x33e94d75 0x25b26823 0x9210e5fa 0x5dd9e791 0xf2c25d15 0x3e8c34d3
  Again: 0x33e94d75 0x25b26823 0x9210e5fa 0x5dd9e791 0xf2c25d15 0x3e8c34d3
  Coins: TTHTHHHHTHTHHTTHTTHTTHHHHHHHHHTTHHHHTHTHTTTHHHTTTHHTHTTHHHTTHHTTT
  Rolls: 5 1 4 3 2 5 6 6 2 6 5 6 5 5 6 3 4 5 4 2 4 1 6 2 6 6 1 1 5 5 5 5 1
   -->   rolling dice used 33 random numbers
  Cards: Kh 6h 6d Ks 7c 7s 2c Qd Qc 5c 8s Th 8h 2s Td Ts As Jd 9c 4h Tc Qh
	 8c Ad 5h Jh 6c 4s 7d 2d 2h Kd 5d Ah 8d Kc 4d 9s 9d Js 4c Ac 3d Qs
	 5s 3s 7h 6s Jc 9h 3h 3c

Round 5:
  32bit: 0xb8130a51 0x3ffeab8a 0x38821a59 0x5a2600f2 0x3b6f403f 0x8117a786
  Again: 0xb8130a51 0x3ffeab8a 0x38821a59 0x5a2600f2 0x3b6f403f 0x8117a786
  Coins: TTHHTTTHHTHHTHHTTTTTTHTHHHTTTTTHTTHTTTTTTHHHTTTTHHHHHTHHHHHHTHHHH
  Rolls: 3 3 6 1 6 6 2 6 5 3 5 2 6 2 4 3 5 3 5 4 3 4 6 4 1 6 4 1 5 2 6 1 6
   -->   rolling dice used 33 random numbers
  Cards: Kh 4d Qs 5s Ks As 7s 2d 4h Qd Kc 6s 7d 3h Ad Jc 5h Js Ah 8c 6h 6c
	 Jd 9h 2h 2s 5d Kd 9c 8d 4c Tc 8h Jh 3c 8s 3d 7h 9d 3s 6d 5c Ts 4s
	 Th Ac 2c Td Qc Qh 9s 7c

<end of output>
Test time =   0.07 sec
----------------------------------------------------------
Test Passed.
"check-pcg32_k2" end time: Mar 22 18:17 SE Asia Standard Time
"check-pcg32_k2" time elapsed: 00:00:00
----------------------------------------------------------

17/42 Testing: check-pcg32_k2_fast
17/42 Test: check-pcg32_k2_fast
Command: "D:/Cpp/project/pcg-cpp/build-test/test-high/Release/check-pcg32_k2_fast.exe"
Directory: D:/Cpp/project/pcg-cpp/build-test/test-high
"check-pcg32_k2_fast" start time: Mar 22 18:17 SE Asia Standard Time
Output:
----------------------------------------------------------
pcg32_k2_fast:
      -  result:      32-bit unsigned int
      -  period:      2^128
      -  size:        16 bytes

Round 1:
  32bit: 0xe30b7cba 0x6af364b0 0x27de7b5d 0xcc1c87c3 0x5cd80226 0xfec28ee6
  Again: 0xe30b7cba 0x6af364b0 0x27de7b5d 0xcc1c87c3 0x5cd80226 0xfec28ee6
  Coins: HTTHTHTHHTHHTHTTTHTHTHTHTHTHHHTHTHTTTTTTHTTTTTTHTTTHHHHTHHTTTHHTT
  Rolls: 1 3 4 5 3 6 2 4 2 5 1 6 4 5 5 4 2 4 3 4 5 1 2 1 4 6 5 4 2 2 5 1 4
   -->   rolling dice used 33 random numbers
  Cards: Jc 7c 4c Kh As 6s Qc Qh Qd 3d Th 8d Qs 5s 5d Kd 7h 8h Ah 4d Jh 5h
	 Kc 2h Tc 7d 9h 6c 4s 8c 8s 9s 9d 2d 6h 5c Jd 3h 4h 2s 3s Ks Td Ts
	 3c 9c 7s 2c 6d Js Ac Ad

Round 2:
  32bit: 0x162d493a 0x03abb49b 0x00ef59f5 0x7da5ed07 0xb9008c9c 0x1cf59ea5
  Again: 0x162d493a 0x03abb49b 0x00ef59f5 0x7da5ed07 0xb9008c9c 0x1cf59ea5
  Coins: THTTTTTTHTHHHHTHTTHHTTHHHHTTHHHHHTHTHHTTTHTHHHHTHTTTTTTTTTTTHTHTT
  Rolls: 6 1 3 1 1 3 5 3 2 2 3 5 3 1 4 5 1 6 4 2 4 6 2 4 6 3 2 3 4 1 6 2 5
   -->   rolling dice used 33 random numbers
  Cards: 8h 3h 7s 9c 9d Ac Jh 7d 6h Ks 3s 7c 2s Ad Th 5c 4h Kh Tc Kd Jc 6s
	 Qd 2d 3d Qc Qs Qh 5s 6d 5h As 9h 2h Ts 6c 4d Kc Js 3c 9s Jd 7h 4c
	 Td 8d 2c 5d 8s Ah 8c 4s

Round 3:
  32bit: 0xc3981ded 0x898126c2 0x6bf9f962 0x0644d3dc 0x1e45ccb6 0x9d2ecaf2
  Again: 0xc3981ded 0x898126c2 0x6bf9f962 0x0644d3dc 0x1e45ccb6 0x9d2ecaf2
  Coins: THTHHHHHTTHTHHHHHTHTHHHHTTTTHHHHHHTTTTHHHTTHHHTHTTHTTHHHHTHTHHTHH
  Rolls: 4 2 5 5 6 6 6 2 1 6 2 2 4 3 4 3 1 5 2 2 6 6 1 4 6 5 1 3 2 2 1 3 6
   -->   rolling dice used 33 random numbers
  Cards: 3c 8s 7d 5s Qc 4h Kc 5h 4s Kd 3d 3h Ah Qs 4d Jd 8d Ac 7c 2c 6s 7s
	 Qh Ks 6d 9d 2d 6c Td Jh 4c Js Tc 3s Ad Qd 5c Th Jc Kh 9c 2s 7h As
	 9h 8c 6h 2h 5d Ts 9s 8h

Round 4:
  32bit: 0x8575f7de 0x96024950 0x9d505d02 0x5623edf7 0xa615206d 0xe9da85d2
  Again: 0x8575f7de 0x96024950 0x9d505d02 0x5623edf7 0xa615206d 0xe9da85d2
  Coins: HHHHHTTTHHHTTHHHTTTTHHHTTTTTHHTTHHTHHTHHHHTTTTTTTTHHTTHHHHTHHTHTH
  Rolls: 6 1 2 6 2 5 1 4 1 5 4 5 5 5 1 3 1 5 6 6 2 2 1 2 5 5 5 6 4 2 1 5 1
   -->   rolling dice used 33 random numbers
  Cards: 7d 3h Qs 9h 5h Jh 9s Js Kd Jd Kh 2d 2s 8h Qd Qh Ac 9c Kc Jc 8d As
	 4c 3d 5s 5d 5c 8s 7s Qc 2c Td Ks 4s 7h Ad 2h 6h 6d 3c 6s 6c 9d Tc
	 Ah 7c Ts 4d 3s Th 8c 4h

Round 5:
  32bit: 0x3c64d5ba 0x6de15115 0xd50081e4 0x4e0d6399 0x34b5cfc7 0x8f7825ab
  Again: 0x3c64d5ba 0x6de15115 0xd50081e4 0x4e0d6399 0x34b5cfc7 0x8f7825ab
  Coins: TTTTTTTHHHTTTHTTTTTTTTHHHTHTTHTTTHHTTTHTTTTHHTTHTTHTTHHTTTTHHTHTH
  Rolls: 4 2 5 5 2 1 2 4 5 4 5 1 3 6 3 3 3 1 5 3 2 3 1 6 5 5 1 5 6 6 1 3 2
   -->   rolling dice used 33 random numbers
  Cards: 5h Kd Qd Qs Jc 3h 6s 7d 4c 4d Ts Tc 3d 7s 6h 3c 2d 9d 6d 6c 9s 2s
	 7h 8c 5c Ks 5d 7c 4s 8d Qh Td Ah Js As Kc 9h 9c Th 3s 2h Qc 4h Ac
	 5s Kh 8h 8s 2c Jd Ad Jh

<end of output>
Test time =   0.07 sec
----------------------------------------------------------
Test Passed.
"check-pcg32_k2_fast" end time: Mar 22 18:17 SE Asia Standard Time
"check-pcg32_k2_fast" time elapsed: 00:00:00
----------------------------------------------------------

18/42 Testing: check-pcg32_k64
18/42 Test: check-pcg32_k64
Command: "D:/Cpp/project/pcg-cpp/build-test/test-high/Release/check-pcg32_k64.exe"
Directory: D:/Cpp/project/pcg-cpp/build-test/test-high
"check-pcg32_k64" start time: Mar 22 18:17 SE Asia Standard Time
Output:
----------------------------------------------------------
pcg32_k64:
      -  result:      32-bit unsigned int
      -  period:      2^2112   (* 2^63 streams)
      -  size:        272 bytes

Round 1:
  32bit: 0xe85244a0 0x7112822f 0x9325f975 0xf50dea01 0x8cec9bba 0xaa9fa4b3
  Again: 0xe85244a0 0x7112822f 0x9325f975 0xf50dea01 0x8cec9bba 0xaa9fa4b3
  Coins: HHTTTHTHTTHHHHHHTHTHTHTTHHTHTHHHHTTTHHHTTHTHHHHTHTTHTTTTTTTTHTTTT
  Rolls: 4 6 3 6 2 3 3 5 5 2 4 3 6 6 2 5 3 6 1 3 1 2 6 4 6 5 4 5 6 1 3 2 2
   -->   rolling dice used 33 random numbers
  Cards: Qs 2d 6s 8c 6d 4d 5d Ah Ks 3d 5s Qd 6h Td 5c 4h 2c 8h Ad 2s Js 7c
	 5h Qc Ac 7s 4s Jd Kc 9c 9s 2h Kh Ts Qh Jc 7h 8d Th Tc 3h As Jh 4c
	 8s 3c 9h 6c 3s 7d 9d Kd

Round 2:
  32bit: 0x98c55d02 0x0fd39f52 0x11b56e6c 0x54cbf14e 0x45bde3a6 0xa77ab20f
  Again: 0x98c55d02 0x0fd39f52 0x11b56e6c 0x54cbf14e 0x45bde3a6 0xa77ab20f
  Coins: THTHTHTHTTHHTHTHHTTTHTTHTTHTHTTHTTHTTTHHTHHTTTTHTHHTTTHHTTTTTTHHH
  Rolls: 5 2 1 3 5 5 3 5 4 2 4 1 2 1 1 6 6 6 6 1 1 2 1 4 5 1 1 1 6 4 1 2 6
   -->   rolling dice used 33 random numbers
  Cards: 9s 6s 7c 4h 4d 8d 8h Jc 3h Qh 5s 9c 3s Tc 8s As Kh Kc 2c 2s Ac 8c
	 5c 4c 6c 2h Jh 5d 9d Qs 7d Qc Th Ks Ts 3c Js 7s 6h 7h Kd 5h Qd 9h
	 3d Td Ad Ah 2d 4s 6d Jd

Round 3:
  32bit: 0xf2fe5c00 0xacc7f4f5 0xeac130c7 0x7a2ce2be 0xd39bf181 0xce784be4
  Again: 0xf2fe5c00 0xacc7f4f5 0xeac130c7 0x7a2ce2be 0xd39bf181 0xce784be4
  Coins: THTTHTHTTHTTHHTHTHHHTHTTHTHTHHTHHTHTHHTTTHHHHTHTHTTHHTHTHTHHTTTTH
  Rolls: 4 2 3 3 2 6 6 1 6 1 4 4 3 4 1 2 2 1 5 6 1 1 2 6 5 4 4 6 3 1 5 1 1
   -->   rolling dice used 33 random numbers
  Cards: 7c Jc 9s Ah 4h 3d 2d 5d 3s 7h Kh 6s 6h Ks 2c 9c 2s 8s Tc 7d 5h 3c
	 8h 4d Jh Td 4s 5s 2h Ac 9d 6c Js Ts Qd 8c 5c Ad 7s Kd Qc Jd Th 9h
	 Qh 6d 8d Kc Qs 3h As 4c

Round 4:
  32bit: 0x1ef66795 0x83d37b1c 0xfc6d9564 0x9806e724 0xe10fbb53 0xdc1d6eab
  Again: 0x1ef66795 0x83d37b1c 0xfc6d9564 0x9806e724 0xe10fbb53 0xdc1d6eab
  Coins: TTTTHHHHHTTTTHHTHTTTHHTHTHTHHTHTTHTHTHTHHHHHTHHTHTHTTTHHTTTTHHHTT
  Rolls: 4 2 2 4 6 6 5 2 4 1 1 6 6 3 3 5 3 3 2 3 3 6 6 5 2 6 6 1 5 6 2 6 4
   -->   rolling dice used 33 random numbers
  Cards: 2d 4s Qs 8h Jd 6d Jh 2s 7c 3s 5h Kd Js Td 3c 9s As Ts Ah Tc 8d 7h
	 5s 9h Th 7d 4c 8c Qc 5d 5c Qh Qd 8s Ac 6c 3d 2h 4h Kc Jc 9c 4d 6s
	 Ks 7s Kh 9d Ad 6h 2c 3h

Round 5:
  32bit: 0x24b9177f 0x83dde908 0xd2719639 0x43d1afbf 0x35db4e5a 0x5d9f5718
  Again: 0x24b9177f 0x83dde908 0xd2719639 0x43d1afbf 0x35db4e5a 0x5d9f5718
  Coins: HHHHTHHHTTHTTTHHTTTTTTHTTHTHHHTTTHTHHHTTTTHTHTTTTTHTHHHHHHHHTTHTT
  Rolls: 1 6 1 6 5 1 6 1 1 1 1 6 3 6 4 4 3 6 3 3 3 5 6 4 4 4 3 2 3 2 4 5 1
   -->   rolling dice used 33 random numbers
  Cards: 6c Th Kc Qd 7d 6s Ks 7h Tc 9c 5s 9h 8d 9d 7s 5d Kh Ad 6d Qc Td 9s
	 Js 5h 6h Qh 2s Ts 2h Jd 3c Ac Qs 8s 5c 2c As 2d 7c 4d 3s 8c Kd 4c
	 4s Jc Ah Jh 3h 4h 8h 3d

<end of output>
Test time =   0.08 sec
----------------------------------------------------------
Test Passed.
"check-pcg32_k64" end time: Mar 22 18:17 SE Asia Standard Time
"check-pcg32_k64" time elapsed: 00:00:00
----------------------------------------------------------

19/42 Testing: check-pcg32_k64_fast
19/42 Test: check-pcg32_k64_fast
Command: "D:/Cpp/project/pcg-cpp/build-test/test-high/Release/check-pcg32_k64_fast.exe"
Directory: D:/Cpp/project/pcg-cpp/build-test/test-high
"check-pcg32_k64_fast" start time: Mar 22 18:17 SE Asia Standard Time
Output:
----------------------------------------------------------
pcg32_k64_fast:
      -  result:      32-bit unsigned int
      -  period:      2^2112
      -  size:        264 bytes

Round 1:
  32bit: 0x623d127c 0xfa4987c9 0x1a27eeee 0x603880d8 0xd94c8039 0x0f4aa323
  Again: 0x623d127c 0xfa4987c9 0x1a27eeee 0x603880d8 0xd94c8039 0x0f4aa323
  Coins: HTHTTTHHHHTHHHTTHHTHHTTTHTHHTHTHTTHHTTTTHTTHTHHHTTTHTTTTTTTHHHHHT
  Rolls: 3 2 2 5 4 5 5 2 6 2 2 1 3 5 4 5 4 4 2 6 2 3 3 5 5 1 3 3 6 1 5 2 5
   -->   rolling dice used 33 random numbers
  Cards: 5d 3s 9c Jd 6c 8d 2s 8h Qd 9d Kd 3h 7d 4c 7s Jc Js Th 5s 2d Ad 9h
	 Ts Ks Ah 8c 3d 9s Qh 3c 7c 5c 6h 2h As Kh Td 7h 4h Jh Qs Kc 2c 6d
	 8s Ac Tc 4s 5h 4d Qc 6s

Round 2:
  32bit: 0x8df2a75a 0x8d0158a9 0xafeb1142 0x79c26727 0x149f2c2c 0xfdb241eb
  Again: 0x8df2a75a 0x8d0158a9 0xafeb1142 0x79c26727 0x149f2c2c 0xfdb241eb
  Coins: HHHTTHTHTTTTHTHHHTTHTTHHTTTHHTTTTHHHHHTHTTHTTTTHHTHHTHHTHHTHHHHHT
  Rolls: 6 4 1 4 4 6 6 4 2 3 2 4 4 1 6 6 6 2 4 3 2 1 4 4 2 2 3 4 4 2 4 6 2
   -->   rolling dice used 33 random numbers
  Cards: 6h Ts Qd 8c Ks 9d 2d Kc 4h Qc Td 5s 3d 8s 2s 6c Ah Kd Ac 5c Ad 3h
	 2c 5d Jc Qh 8d 3s As 2h 7h 7c 9s 5h 4d Kh 9c 6d 7s Th Qs Js 3c 9h
	 8h Jd Jh 7d Tc 4c 6s 4s

Round 3:
  32bit: 0x4d5299d6 0x7993beb4 0xa9878cdf 0xb23d608f 0x442110c0 0x701b5b8c
  Again: 0x4d5299d6 0x7993beb4 0xa9878cdf 0xb23d608f 0x442110c0 0x701b5b8c
  Coins: TTTHTTTHTHHTTHHTHTTTHHTTTHTTHTTHTTHTHTTHHHTTTHHTHHTHHHTHTHTTHTHTH
  Rolls: 3 3 1 3 2 4 2 1 6 3 4 4 5 6 1 4 2 5 1 2 3 4 2 6 2 5 3 4 4 6 6 1 6
   -->   rolling dice used 33 random numbers
  Cards: Th Kc 3h Qc 3d 7s Ks 2h Qd 4d 6c Ts 3s Kh 9h Ac Ad 5d 2d 4s 7h Jc
	 5h 9d 9c 8h Js 7d Jd Kd 7c 3c Jh 5c 8d 9s 8c 8s Tc 6h 5s Td Qh Ah
	 4h 4c As 6d 2c Qs 2s 6s

Round 4:
  32bit: 0xb3686885 0xbfa94438 0x47b29921 0x2787b39e 0x685c3666 0x844a798f
  Again: 0xb3686885 0xbfa94438 0x47b29921 0x2787b39e 0x685c3666 0x844a798f
  Coins: THHHTTHTHHHHHTTHTHTTTTHHTHTHTHTTHTHHHHHTTHHHHTHTHHTTHHTHTTHHHTHTH
  Rolls: 3 6 6 6 2 6 5 2 1 4 4 4 3 6 6 2 2 5 6 3 3 2 1 1 4 3 3 4 2 2 4 1 1
   -->   rolling dice used 33 random numbers
  Cards: 9h 2s Tc As Th 7d Jh 3h Td 7h 9s 4c 5s 5h 6h Jd Ts 2d Qd Ad Js Ks
	 8c 9c 3s 9d 8d 7s 4s Qc 6c 3c Jc 5d Ac 2h 7c Qs 8h Kd 8s 4h Kc 6s
	 Kh Ah 2c 4d 6d Qh 3d 5c

Round 5:
  32bit: 0xcf9ef109 0xcdc3a236 0xa3107d4a 0x8481cc76 0x14cb0dc0 0xbeb351d3
  Again: 0xcf9ef109 0xcdc3a236 0xa3107d4a 0x8481cc76 0x14cb0dc0 0xbeb351d3
  Coins: TTTTTTTTHTHHTTHTHTHTTTHHTHTHTTHHTHHTHHHHHTTHTTTHTTTHHTTTTTTTHTHHT
  Rolls: 2 1 3 5 3 2 6 3 5 5 1 3 2 5 5 2 5 2 4 5 4 5 1 3 1 6 1 6 5 2 1 2 6
   -->   rolling dice used 33 random numbers
  Cards: 8s 6s 3d 2c 9c 4h 5d 9s 7s 8c Ah 8d Td 5c Js 8h Qd 9h 2s Jc 6h As
	 Qh 4s Qc Kh Ts Qs Th 5s Ad Tc 9d 3s 4d 7h Kc 3c 7c 2d Ac 6c 4c Ks
	 3h 6d Kd Jh 2h 5h 7d Jd

<end of output>
Test time =   0.07 sec
----------------------------------------------------------
Test Passed.
"check-pcg32_k64_fast" end time: Mar 22 18:17 SE Asia Standard Time
"check-pcg32_k64_fast" time elapsed: 00:00:00
----------------------------------------------------------

20/42 Testing: check-pcg32_k64_oneseq
20/42 Test: check-pcg32_k64_oneseq
Command: "D:/Cpp/project/pcg-cpp/build-test/test-high/Release/check-pcg32_k64_oneseq.exe"
Directory: D:/Cpp/project/pcg-cpp/build-test/test-high
"check-pcg32_k64_oneseq" start time: Mar 22 18:17 SE Asia Standard Time
Output:
----------------------------------------------------------
pcg32_k64_oneseq:
      -  result:      32-bit unsigned int
      -  period:      2^2110
      -  size:        264 bytes

Round 1:
  32bit: 0x8bfad379 0x21d323ad 0xd58574f9 0x282d3aa0 0x33b49afc 0x5821fdb2
  Again: 0x8bfad379 0x21d323ad 0xd58574f9 0x282d3aa0 0x33b49afc 0x5821fdb2
  Coins: TTHHTTHHTTTHTTTHTTHHTHHHHTTTTTTTHTHTHTHTHTTHHTHHTTHHTTHHHTTHHHTTH
  Rolls: 1 6 3 2 1 3 4 4 4 2 3 2 4 3 2 3 3 1 2 2 4 5 4 6 1 4 1 4 4 3 3 2 2
   -->   rolling dice used 33 random numbers
  Cards: 8s 5s 2d Qh Ad Kd 4c 3c 4d Ac Jd Js Kh 2h Qc Th Kc 6h 5d 3h Ah Td
	 7h 8c 9s 7s 9h Ks 4s 3d 2s 7c 7d 3s 5c 2c 6s 8d Jc 6d 9d Ts 5h Tc
	 6c Jh Qd 9c 4h 8h As Qs

Round 2:
  32bit: 0x97d54bf1 0xb85353db 0xc986820d 0x44c61d24 0x8263654e 0xcafc64df
  Again: 0x97d54bf1 0xb85353db 0xc986820d 0x44c61d24 0x8263654e 0xcafc64df
  Coins: TTHHHHHTTHTHHHHTTTHHHTHTTHTHTTHTHHTTHTHHTHHHTHTHHTTHTHTHHTHTTHHTH
  Rolls: 6 5 3 2 1 3 5 4 3 2 4 2 6 5 2 1 4 6 4 4 3 6 2 6 3 1 2 5 1 4 1 6 1
   -->   rolling dice used 33 random numbers
  Cards: Kc 9c Td 7d 4h 8s 8d 2h Ad Qh 4c 3s 6s Jh 8h Qs 7c 7h Th 9d 3c Js
	 2s 4d Kd 2c Tc As 4s 5d Ah 9s 5h 7s 9h Jd Ac 3h 2d Jc Ks Kh Qc Ts
	 3d 5c 6c 6d 5s 8c 6h Qd

Round 3:
  32bit: 0x2c1b99e5 0xf187ff1f 0xd1079e86 0x74c45a92 0x4d0b42be 0x652cd137
  Again: 0x2c1b99e5 0xf187ff1f 0xd1079e86 0x74c45a92 0x4d0b42be 0x652cd137
  Coins: HTHHTHTHTHTHTHHTTHHHHHHHTHHHHTHHTTHHTTTTHTTTHHTHTTHTTTTHHHHTHTHHH
  Rolls: 5 4 5 2 2 4 1 4 6 6 2 4 2 4 3 5 6 1 4 6 5 1 6 4 2 5 3 3 4 3 4 1 4
   -->   rolling dice used 33 random numbers
  Cards: 8s 8h 7s As Ac Qh 5h 3d Jd Ks 5s 4c Qc Td 4s 4h 3h Kd 2d 9d Tc 9c
	 8c 2s 6c Kc 7d 4d 9s Qs 6d 2h 8d 7h Ts Jh 7c 3c 5c Ad Ah 9h 6s Kh
	 Qd Th Js Jc 5d 3s 2c 6h

Round 4:
  32bit: 0x0166955b 0x98c26e63 0xa2eb39be 0x8e7a0f18 0xa1ee6dc4 0xa28d8093
  Again: 0x0166955b 0x98c26e63 0xa2eb39be 0x8e7a0f18 0xa1ee6dc4 0xa28d8093
  Coins: TTHHTTTTHHHHHHTHTHTTTTHTHTHTTTTHHHTTTTHTTHHTHHHTTTHHTTHTTHHHHHHHH
  Rolls: 5 4 1 1 3 3 3 2 3 2 1 2 1 2 5 6 6 4 6 5 5 3 6 6 4 2 2 6 1 1 4 1 1
   -->   rolling dice used 33 random numbers
  Cards: 8h Qc 7c 2d 2s 2c 8c 4d 7h Js 9c Td 5h 4c 7d 6c Ad Qh Kh 2h 8d Th
	 9d 6h 3s 6s 5c 5s 4s 3d Jc 3h 3c Jd 9h 9s Kc Kd Ks 4h Ah 8s Ts Tc
	 Qs 6d Ac 5d Jh As 7s Qd

Round 5:
  32bit: 0xc0f40efc 0x77437fab 0x80c937c8 0xc6ae4e8b 0xa9809bbb 0xe6523fd7
  Again: 0xc0f40efc 0x77437fab 0x80c937c8 0xc6ae4e8b 0xa9809bbb 0xe6523fd7
  Coins: HHHTTTHHTTTHHHHTTTTTHTTHTHHTHHHHHHTTTHTHTHHTTHTTHTTHHHHTTHHHTHHTH
  Rolls: 4 1 5 1 1 3 2 6 1 3 3 3 1 4 2 1 2 5 4 2 1 5 6 5 2 5 3 3 3 3 6 2 3
   -->   rolling dice used 33 random numbers
  Cards: 4d 9c 9s 8s Jc 7d 3c Ac 3d 5h 5c Js 2c Qs Th 4s 7h 2s 8c 4h Qd Tc
	 Ah 9h 3h Qh Jh 6s Jd 3s 8h Ts Kh Kd 4c 7s 2h 6c Qc 6d 8d Kc Ks Td
	 Ad As 5s 7c 6h 9d 5d 2d

<end of output>
Test time =   0.07 sec
----------------------------------------------------------
Test Passed.
"check-pcg32_k64_oneseq" end time: Mar 22 18:17 SE Asia Standard Time
"check-pcg32_k64_oneseq" time elapsed: 00:00:00
----------------------------------------------------------

21/42 Testing: check-pcg32_once_insecure
21/42 Test: check-pcg32_once_insecure
Command: "D:/Cpp/project/pcg-cpp/build-test/test-high/Release/check-pcg32_once_insecure.exe"
Directory: D:/Cpp/project/pcg-cpp/build-test/test-high
"check-pcg32_once_insecure" start time: Mar 22 18:17 SE Asia Standard Time
Output:
----------------------------------------------------------
pcg32_once_insecure:
      -  result:      32-bit unsigned int
      -  period:      2^32   (* 2^31 streams)
      -  size:        8 bytes

Round 1:
  32bit: 0xf84b622d 0xdc1e5bb4 0x74fb8ac1 0xb3bbf8de 0x9cf62074 0x2d2f5e33
  Again: 0xf84b622d 0xdc1e5bb4 0x74fb8ac1 0xb3bbf8de 0x9cf62074 0x2d2f5e33
  Coins: HTHHHHTTTTTHHHHHTTTTTHHTTTHTTHTHTTHTTTTTHTTTHHTHTTHTTHTTTTHTTHHHT
  Rolls: 6 1 5 3 2 4 4 6 5 1 1 5 4 2 6 4 6 5 1 6 5 2 5 4 6 2 6 3 5 1 6 4 3
   -->   rolling dice used 33 random numbers
  Cards: Kd 8h Td 9d As 4h 7s 5s 2s Js Qd 5h Ac 3d 8d 2d 3h 8s 7h Th 4d 9s
	 Qc 3s Kc 6d 7c 9h 4c 8c Kh Jh Jc 4s 3c Ah Tc 6s 9c 7d 5c Ks 6c Qs
	 Ad 6h Ts Jd 2h 2c 5d Qh

Round 2:
  32bit: 0xd6fdef4c 0xb793e894 0x62d8db75 0x51c7462c 0x9bbee1c9 0x9c609fb5
  Again: 0xd6fdef4c 0xb793e894 0x62d8db75 0x51c7462c 0x9bbee1c9 0x9c609fb5
  Coins: TTTHTHTTTHTTHTTHHTTTHHTHTHTHTTTTHTTHHTHTHHHHHTHHHHTHHTTTHHHTHHHTT
  Rolls: 1 6 3 5 2 6 4 1 3 6 2 3 1 1 2 3 2 5 6 2 2 1 6 6 3 3 1 1 1 6 6 2 4
   -->   rolling dice used 33 random numbers
  Cards: 6c Qd 9s 3d 7c 7h Ts 2c 3h Kd 2s Td 6h 8d Jh 2d 2h Ah 5h Th 5c 9c
	 8s Kh As Kc 5s 6d Js Jd 4h 7d 5d Tc 8c Jc 6s 4s 9d 3c 4c Ac Qh Qs
	 7s 4d 9h Ad Ks 8h 3s Qc

Round 3:
  32bit: 0x7e849685 0x0a1a7a41 0xcf53a482 0xcbc007c5 0x60e65898 0x9179fbd7
  Again: 0x7e849685 0x0a1a7a41 0xcf53a482 0xcbc007c5 0x60e65898 0x9179fbd7
  Coins: THHHHHHTTHHTHHTHHTHHTTHTHTTHHHTTHHHHHTHTHTHTTHTHTTHTHTHHTHTTHTTTH
  Rolls: 6 1 4 4 3 4 6 3 2 5 3 5 2 2 6 6 3 4 6 4 6 1 3 2 2 3 2 2 3 6 2 1 4
   -->   rolling dice used 33 random numbers
  Cards: Jd 8d 6c Jc 2s 9h 4d Kd 5d Qc Ts 8c 5s 3h 5h Ks 6d 4s 7c 5c Kc Js
	 6s Kh Qs 7d 2c Ah 9d 3c 4c 4h 7h 9c 3s 3d As Tc Ac Ad 8s 8h Th Jh
	 2d 6h Qd Qh 9s 7s 2h Td

Round 4:
  32bit: 0xcc53664c 0xe23c4863 0xa79bb6df 0x96f9b755 0x13a38786 0x34a8f727
  Again: 0xcc53664c 0xe23c4863 0xa79bb6df 0x96f9b755 0x13a38786 0x34a8f727
  Coins: TTTTHTHHTHHTTTHTHTHHHHTHHTTHHHHHHHTHTHHHTHTTTHTTHHHHHTHTTTHHHTHTT
  Rolls: 4 1 5 6 2 3 1 5 4 2 4 4 5 2 1 5 2 6 6 5 2 6 2 1 2 5 3 1 4 6 5 3 3
   -->   rolling dice used 33 random numbers
  Cards: Ad 9h 9d 5c 5d 5s 2s Ac Qs 4c 8s 6d Qh Kd 9c Ts 3d 4d Td 6h 4s 2h
	 Jd 8h 7h Qd Ks Tc 7c 6s 8d As Kh Th Jh 3c 9s Kc Jc 3s 2c 8c 2d Js
	 4h Ah 3h 5h 7d Qc 7s 6c

Round 5:
  32bit: 0x34c5b8b1 0x818c3828 0x23842fe4 0xd64649b8 0x5d1b76c9 0x18819107
  Again: 0x34c5b8b1 0x818c3828 0x23842fe4 0xd64649b8 0x5d1b76c9 0x18819107
  Coins: TTHHTHTTTHTHTTTTTHHTHTHTTTHHTTHTHTHHHHTTTHTTTTTTHHHTHTTTTHHTHTTTT
  Rolls: 5 6 1 1 5 3 1 6 4 5 3 1 2 4 1 3 5 1 1 5 2 3 2 4 1 1 3 2 3 1 2 4 2
   -->   rolling dice used 33 random numbers
  Cards: 3h 5h 7s 4h 3c 8h 2h Qc 8c 4d 6s 5d Jh Ad 6c 4c 7h Js 7d 6d 8s 9d
	 2d Qs 3s Ts 2c 2s Ac 8d Th Kd 5s Kc 9c 7c 3d Td Jc As Tc Ks Qh Qd
	 6h 9h 4s Jd 5c Ah 9s Kh

<end of output>
Test time =   0.11 sec
----------------------------------------------------------
Test Passed.
"check-pcg32_once_insecure" end time: Mar 22 18:17 SE Asia Standard Time
"check-pcg32_once_insecure" time elapsed: 00:00:00
----------------------------------------------------------

22/42 Testing: check-pcg32_oneseq
22/42 Test: check-pcg32_oneseq
Command: "D:/Cpp/project/pcg-cpp/build-test/test-high/Release/check-pcg32_oneseq.exe"
Directory: D:/Cpp/project/pcg-cpp/build-test/test-high
"check-pcg32_oneseq" start time: Mar 22 18:17 SE Asia Standard Time
Output:
----------------------------------------------------------
pcg32_oneseq:
      -  result:      32-bit unsigned int
      -  period:      2^64
      -  size:        8 bytes

Round 1:
  32bit: 0xc2f57bd6 0x6b07c4a9 0x72b7b29b 0x44215383 0xf5af5ead 0x68beb632
  Again: 0xc2f57bd6 0x6b07c4a9 0x72b7b29b 0x44215383 0xf5af5ead 0x68beb632
  Coins: THTHHHTTHHTTHTTHTHHHTHTTTHTTHTTHTTTHHTTTTTHHTTTHTTHTHHTHHHTTHTTTH
  Rolls: 4 1 3 3 6 6 5 1 3 4 4 3 2 2 5 4 1 3 3 3 1 4 6 4 6 6 1 6 1 2 3 6 6
   -->   rolling dice used 33 random numbers
  Cards: 2d 5c 3h 6d Js 9c 4h Ts Qs 5d Ks 5h Ad Ac Qh Th Jd Kc Tc 7s Ah Kd
	 7h 3c 4d 8s 2c 3d Kh 8h Jc 6h 4c 8d Qc 7c Td 2s 3s 4s 7d Qd Jh As
	 6c 8c 5s 2h 6s 9d 9s 9h

Round 2:
  32bit: 0x0573afcc 0x2cab16db 0x6af6f55a 0xe916bec2 0x1ca9b4a4 0xbb2778eb
  Again: 0x0573afcc 0x2cab16db 0x6af6f55a 0xe916bec2 0x1ca9b4a4 0xbb2778eb
  Coins: THHHTHTTTHHHTTTTTTHTTHTHTHHHTHHHTHTHTTHTTTTTHTHHTHHTTHHHHHTTTHTTH
  Rolls: 1 5 3 3 5 1 5 6 5 6 6 3 5 5 6 6 2 6 4 1 5 6 3 6 5 5 1 3 2 4 5 1 1
   -->   rolling dice used 33 random numbers
  Cards: 9c Ad 5d 7d Ah 8c Th Kd 5c Js 7c Kc Kh 6c Ks Tc Td 3d 7h 2d 5s 9s
	 3h As 9d 8h 4s 6h Ts 2c Jh 3c 8s 4h 5h 6s Jd 8d 3s 6d 7s 4d Ac Qc
	 4c 2h Qh 9h Qd 2s Qs Jc

Round 3:
  32bit: 0x114306f3 0xb9bf0d91 0x1aed8e5e 0x587de8b7 0x7477c8bd 0xd853ec9d
  Again: 0x114306f3 0xb9bf0d91 0x1aed8e5e 0x587de8b7 0x7477c8bd 0xd853ec9d
  Coins: HTHHTHHHHTHTHTTHTHTHHTHTTHHHTTTTHHTTTTTTHTHTTTHTHTTTHTHHHHTTTTTTT
  Rolls: 1 5 4 2 1 4 6 3 2 1 6 3 6 4 3 1 4 4 2 5 5 3 3 2 6 1 6 3 2 6 5 6 3
   -->   rolling dice used 33 random numbers
  Cards: Ah 8d Ad Jd 2d 3h Jh 7c Kc Ks 3d As 4s 3s 8h Qc 7d Td 6c 8c 4d 5c
	 9d Qh Js Ac Kd 5s 6d Ts 9h 9s 9c 2c 5h 3c 5d Th 4c 6s 7s Qd 7h 2h
	 Tc 6h 4h 8s Qs Jc Kh 2s

Round 4:
  32bit: 0xb982cd46 0x01cc6f94 0x0ad658ae 0xf6c6c97e 0xd1b772dd 0x0098599e
  Again: 0xb982cd46 0x01cc6f94 0x0ad658ae 0xf6c6c97e 0xd1b772dd 0x0098599e
  Coins: HTTHTTHHHHTHTHHHTTHTHTHTTTHTHTHHTHTHTTTTHHTTHHHTHTTHHTTTHHHTTHHHH
  Rolls: 4 4 5 4 2 1 4 2 2 5 2 5 6 6 2 1 6 6 2 6 6 3 6 2 1 4 1 1 1 1 5 1 5
   -->   rolling dice used 33 random numbers
  Cards: 6s Td 3h Js 7h Jh Ac Kh Th 4h 3c 6d Qs Ah 8h Kc Tc 2h 8c 2c Jd 2s
	 Qh 4d 3d Ks 7s 9d 5d 2d 5s 5h Jc 3s 9s Qd Qc 7d 6h As 8s 4s 4c 8d
	 9c 6c 5c Ad 7c 9h Kd Ts

Round 5:
  32bit: 0xef3c7322 0xa1ff2188 0x3f564b42 0x91c90425 0x17711b95 0xf43aa1f7
  Again: 0xef3c7322 0xa1ff2188 0x3f564b42 0x91c90425 0x17711b95 0xf43aa1f7
  Coins: HTTHHHTTHTTTHTHHTHTHTHHTHHTTTHTTHTHHTHTTTTTHTHTTHHHHTHTHTHHTHHTHT
  Rolls: 4 1 6 3 3 2 5 6 3 2 6 5 3 1 5 5 4 6 4 4 2 5 5 4 1 5 2 4 5 5 5 3 5
   -->   rolling dice used 33 random numbers
  Cards: 6c 8d 4d Jc 9d As 9s 3c 9c Th Ks Qs 4c Js Ah Qc Ac Kd Td Qd Kh Kc
	 Tc Jd 6s 5h 8c 8s Ad 5s 4s Ts 3h 3s 7h 7d 8h 2c 2d 5c 6h 2h 3d 7c
	 9h 7s 4h 2s Jh 6d Qh 5d

<end of output>
Test time =   0.07 sec
----------------------------------------------------------
Test Passed.
"check-pcg32_oneseq" end time: Mar 22 18:17 SE Asia Standard Time
"check-pcg32_oneseq" time elapsed: 00:00:00
----------------------------------------------------------

23/42 Testing: check-pcg32_oneseq_once_insecure
23/42 Test: check-pcg32_oneseq_once_insecure
Command: "D:/Cpp/project/pcg-cpp/build-test/test-high/Release/check-pcg32_oneseq_once_insecure.exe"
Directory: D:/Cpp/project/pcg-cpp/build-test/test-high
"check-pcg32_oneseq_once_insecure" start time: Mar 22 18:17 SE Asia Standard Time
Output:
----------------------------------------------------------
pcg32_oneseq_once_insecure:
      -  result:      32-bit unsigned int
      -  period:      2^32
      -  size:        4 bytes

Round 1:
  32bit: 0x256b5357 0xa5efad32 0x170b7830 0x334a5b22 0x3de5c680 0x9b47b7b3
  Again: 0x256b5357 0xa5efad32 0x170b7830 0x334a5b22 0x3de5c680 0x9b47b7b3
  Coins: HTHTHTHHHTTHTTTTTTHHTTTHHTTTHHTTHHTHTTHHTHHTTTTTHTTTHHHHHHHHTTTTT
  Rolls: 5 5 5 1 5 6 5 1 3 4 5 3 4 5 4 5 2 5 6 4 5 4 4 5 5 6 4 3 6 3 5 4 5
   -->   rolling dice used 33 random numbers
  Cards: 3c 5c Kc 6s Qh 7s Jh 4d 3s 5d 9h Th Qs 7h 4c 7c Qd 2d 3h 5h 2h 6c
	 6d Js Jd 9d 8s 9s 9c Qc Kh 8d 8c 2s Tc 4s Ac 2c Jc Ks As Ah 6h Ad
	 Ts 7d 3d 8h 5s Kd 4h Td

Round 2:
  32bit: 0xd3ea68f3 0x004a141a 0x08de95da 0xe6f4f6ad 0x1023b258 0x0fdabaa1
  Again: 0xd3ea68f3 0x004a141a 0x08de95da 0xe6f4f6ad 0x1023b258 0x0fdabaa1
  Coins: HTHHTTHHHTTHTTTHTTTHHTHHHHHHHHTHTTHHHHTTTHTTHHHHTTTHHTTHHTTTHHTTH
  Rolls: 2 3 6 1 6 4 2 2 3 1 6 4 3 6 1 2 4 6 4 5 2 2 2 5 1 3 6 2 3 2 2 5 3
   -->   rolling dice used 33 random numbers
  Cards: 6c Kc 5d Ac Tc 3c 7h Qh 7c 2c Kd 8c 2h Qs Qc 2s 6s Ts Jc 4h Ah 5c
	 Qd 8d 4d Th 3d 7s 5s Jd 4c 9h 8h 6d 9c 9s 3s Td Js Kh 9d As 6h 3h
	 2d Ks 4s 7d Jh Ad 5h 8s

Round 3:
  32bit: 0x6a106195 0xe06d41b2 0xbfd78624 0xe0ef944f 0x57571028 0x10aae72d
  Again: 0x6a106195 0xe06d41b2 0xbfd78624 0xe0ef944f 0x57571028 0x10aae72d
  Coins: HHTTHHTHTTTHHTHTHTHHHTTHHHTTHTTHTTHTTHTTHHTTTHHHTHTHTHHHHTHHTHTHH
  Rolls: 4 6 1 3 1 6 6 1 4 5 1 5 5 6 2 4 6 5 2 5 4 6 4 3 5 2 3 6 6 3 1 2 5
   -->   rolling dice used 33 random numbers
  Cards: 4d Jc 6d 2s 8c 7d Th 6h 5s 3c 3d Qd Ad 4h 2c 7s Tc 4s 3s Td 6s 9c
	 2d 7c 8d 8h Jh Ts 4c 2h 5c 5h Ac 8s Qs Kh Kc 6c Qc 9h 9s 5d Kd Js
	 Qh 3h 7h Ah As Jd 9d Ks

Round 4:
  32bit: 0xdde49a52 0x79306ca7 0x2bb1673c 0xfde1d6ff 0x0b261fe8 0xe866fced
  Again: 0xdde49a52 0x79306ca7 0x2bb1673c 0xfde1d6ff 0x0b261fe8 0xe866fced
  Coins: HHHHTTTTTTTTHTHTHHTTTHHTHTHHHHHTTTTTTTHTTHTTHTTHHHHHHTHTHTHTHHTTT
  Rolls: 4 1 4 1 2 6 5 5 5 5 1 3 6 4 5 4 6 1 1 5 5 3 6 1 4 1 6 5 1 4 6 3 2
   -->   rolling dice used 33 random numbers
  Cards: Td 7d 3h 2c 5s 6d Ac 8s Kc 5c 4s Qd 2s Kd As 6c 2d Kh 9c 3d 5d 3s
	 Jd 8c 7s 4d 4h Qc 5h Js 7c 9s Ts Qh Ks 6s Th 8d 3c Tc 8h 9h Ad Jh
	 Jc 9d 7h 2h Ah 6h 4c Qs

Round 5:
  32bit: 0x4253371d 0xcc6b3679 0xb8d7cd7d 0x9e7e0310 0xb1ee5e37 0x6cbff1d2
  Again: 0x4253371d 0xcc6b3679 0xb8d7cd7d 0x9e7e0310 0xb1ee5e37 0x6cbff1d2
  Coins: HHHTHHHTTHTTHTHHTHHTTHTTTHHTHHTTHHHTHHTTHTHHTTTTHTTHHHTTHHTHTTHTH
  Rolls: 2 2 3 2 1 4 4 1 2 4 6 3 2 5 5 4 1 2 2 2 3 3 2 2 6 4 6 4 5 4 2 4 5
   -->   rolling dice used 33 random numbers
  Cards: Kh 4d 8d 5h 4c 8s 3s Qc Js Td Jc 6c 5d 8h 9s 3h Kc Ac Tc 8c 6s 7h
	 Jd 7c Ad Qd Jh 9d As 2c 6d 4h Kd 4s Qs 7s Qh 9h 3d 6h Ts Ks 7d 5c
	 5s 9c 3c 2s 2h 2d Th Ah

<end of output>
Test time =   0.09 sec
----------------------------------------------------------
Test Passed.
"check-pcg32_oneseq_once_insecure" end time: Mar 22 18:17 SE Asia Standard Time
"check-pcg32_oneseq_once_insecure" time elapsed: 00:00:00
----------------------------------------------------------

24/42 Testing: check-pcg32_unique
24/42 Test: check-pcg32_unique
Command: "D:/Cpp/project/pcg-cpp/build-test/test-high/Release/check-pcg32_unique.exe"
Directory: D:/Cpp/project/pcg-cpp/build-test/test-high
"check-pcg32_unique" start time: Mar 22 18:17 SE Asia Standard Time
Output:
----------------------------------------------------------
pcg32_unique:
      -  result:      32-bit unsigned int
      -  period:      2^64   (* 2^63 streams)
      -  size:        8 bytes

Round 1:
  32bit: 0xc1a618c5 0x4dcfffe6 0x2636886c 0x12419535 0xa8211846 0xef4bbcb5
  Coins: THTHTTHHTHHHTTTTHHHHHTTHHTHHTTHTTHHTHHTTTTHHHTTTTTHTTTTTTTTHTTTHT
  Rolls: 1 3 6 3 3 2 1 4 6 4 4 2 2 4 6 4 4 5 6 2 5 4 4 2 4 1 4 6 3 6 5 1 3
  Cards: 8d 3h Ad 4c 9s 4d 2s Qd 9c 2d 6h 7c Th 4h 6c 9d Qc 5d 3c Kc 8c Kh
	 3s 9h 6s 2h 5s Jh Qs Kd 6d 7s Tc 5h Jd 3d 5c 8h 4s Js 7d Ks Jc As
	 Qh 2c 7h Ah 8s Ac Td Ts

Round 2:
  32bit: 0x873cd918 0x40a00b3b 0xfb608e8f 0x5d1ba34a 0xf6fa17a3 0x55ad18ae
  Coins: HTTHTTTTTTTHHTHHTHHTHHTHHTTTTTHHHHTHHTTTTTTHTTHTHTTTTTTHHTTTTHTHH
  Rolls: 5 4 1 4 6 4 4 1 1 2 1 1 3 6 6 6 1 5 2 6 3 2 6 5 3 4 6 4 2 1 2 1 5
  Cards: Kh 3s 7d 6d Jc Kd 9d Js 9h 5s 8s 7c 2s 7h 3d 4h 8d 4c Th 4d 7s 8h
	 Jh 8c 3h 5d Jd 9c 5h 9s Qd 4s Ad Qs 6s 2c Kc Tc 5c 6c Ks 2d Qc Qh
	 Ac Ts As 3c Td 6h 2h Ah

Round 3:
  32bit: 0x65192ddb 0x3eb2bc40 0xfd6901a6 0x07c43bcd 0x3a7eb4a0 0xdd5ced88
  Coins: TTTTTHTTTHHHHHHHTTTHHHTTHTTTTTHTHHHTHTHHHTHTHHHHTHTHTTTHTTHTTHHHT
  Rolls: 1 6 1 3 2 3 5 1 3 2 4 1 4 3 5 2 1 1 1 3 1 6 4 3 5 3 6 5 2 6 6 6 4
  Cards: 7c 5s 3c 3s 2s 2c Th 6d Jh 5d Js 6h 9h 2d Qs 3h 4h 4c 2h 9d 9s 3d
	 5h Ad 7h 4d Ah 8s Kc Qd 4s As Ts 8c Ac Td Jd 6s 7s Tc Qh Ks 8d 7d
	 6c 8h Qc Kh Jc 5c 9c Kd

Round 4:
  32bit: 0x7bedc253 0x63c62062 0x295b9be3 0x5839e654 0x89fd9f46 0xabd083c5
  Coins: HTHHHTHHTHTHHHTTHTTHHHHHTTTHHHTTHHTHHHHTHHHTTHHHTHHTHTHTHHTTTHHHT
  Rolls: 1 5 1 4 2 2 1 3 4 5 5 1 2 5 2 5 5 4 3 1 4 3 1 2 1 3 2 1 6 4 6 5 5
  Cards: Ts 2s Kd 7c Ad 6s 8c 3h 8d 9d 3d 4d 5c 5h 9h Ah 2d 7d 4c Th 7s 6d
	 Kh 3c 4s Qc 5d 4h Jh 9c Qh Ac 9s Js Qs Jd 6h 5s 8h 3s As Jc Qd 6c
	 Tc 8s Td 7h Ks Kc 2c 2h

Round 5:
  32bit: 0xe77d1457 0x778500e2 0xa285ffa3 0xbbc6ca53 0x3b405e50 0x3a20eef9
  Coins: TTHHTTTHHTHTTHHHTTHHTTHTHHTTTHHTHHHHTHTTTTHTHTHTHTHTHTHTHTTTTTHHH
  Rolls: 1 3 6 3 3 6 3 2 4 6 5 3 5 6 5 4 3 1 5 5 1 5 6 4 3 2 2 2 6 4 1 6 4
  Cards: Qh Jc 2h 5d 2s 6s 9c Qd 4s 2d 8s Kd 9d Td Ks Th 4c Jh Kh 5h 9s As
	 6c Ah 7c 4h 9h 3h Ad Ac 6h 2c Tc 7d 4d Js Qc Kc Ts 5c Jd Qs 5s 7s
	 8c 3c 3s 6d 7h 8d 8h 3d

<end of output>
Test time =   0.07 sec
----------------------------------------------------------
Test Passed.
"check-pcg32_unique" end time: Mar 22 18:17 SE Asia Standard Time
"check-pcg32_unique" time elapsed: 00:00:00
----------------------------------------------------------

25/42 Testing: check-pcg64
25/42 Test: check-pcg64
Command: "D:/Cpp/project/pcg-cpp/build-test/test-high/Release/check-pcg64.exe"
Directory: D:/Cpp/project/pcg-cpp/build-test/test-high
"check-pcg64" start time: Mar 22 18:17 SE Asia Standard Time
Output:
----------------------------------------------------------
pcg64:
      -  result:      64-bit unsigned int
      -  period:      2^128   (* 2^127 streams)
[...]
	 0xf37961a645554320 0x1d1d213622351b24 0x6edbb396c73fb49f
  Again: 0x7d97ee72fb94fdf0 0xb35f07d53cc42b66 0x0854c5caec0c251f
	 0xf37961a645554320 0x1d1d213622351b24 0x6edbb396c73fb49f
  Coins: HHTTHHHTHHHHHTTHHHTHHTHTHTTTHHTHHHHHHTHTTHHHHHTHTTHTHHHTHHTTHHHHH
  Rolls: 5 4 2 2 5 3 2 2 2 4 3 1 2 5 6 1 6 5 3 1 1 3 5 6 4 2 5 3 1 2 2 4 1
   -->   rolling dice used 33 random numbers
  Cards: Qh Ah 3c 6d 8s 3h Jh 8c 6s 9h 8d 3s 9c Ts Qd Kc Kh 4d 7c 5h Th 2s
	 2c 4c 6h Jd Td 2d Ks 5c 7h Qs 3d 4s 7d 5s 9d Ac 6c 9s 8h As Jc 7s
	 2h Tc Kd 4h Ad 5d Qc Js

Round 3:
  64bit: 0x187ee00430cec695 0x38efe3fb60c70613 0x3949bd01ef38c552
	 0xd3f1543a45f3b48f 0xfb81a0482dc602cd 0xb48e4f661e4c7fc5
  Again: 0x187ee00430cec695 0x38efe3fb60c70613 0x3949bd01ef38c552
	 0xd3f1543a45f3b48f 0xfb81a0482dc602cd 0xb48e4f661e4c7fc5
  Coins: THTTTHHTHHHHHHTHTTTTHHTHTHTHHHTHTTTTTHHTHTTTTTHTTTTTHHTHHHTTTTHHT
  Rolls: 1 5 6 2 1 3 2 5 5 6 3 4 4 1 5 3 5 1 4 1 2 4 4 1 3 5 6 5 4 5 5 6 3
   -->   rolling dice used 33 random numbers
  Cards: 9c 4s 9d Kh Js 6c 4d 8h Qd 8d 5s 3d 6h 7s 9s Ks 2s 7h Ac Ad Kc 4c
	 5h Jd As Ah 8s 2h Jh 6s Th 2c Qc 8c 5d 9h 3h 4h Qh 3s Tc 5c 2d Qs
	 3c Ts Kd Jc 7c 6d 7d Td

Round 4:
  64bit: 0xd04c0a3a8cf6c571 0xbc94812fe9ec2c93 0x691f3e3aa2f42c77
	 0xb7188d5162d89a1e 0x17fbf02e08fee28a 0x1aa17486e288664f
  Again: 0xd04c0a3a8cf6c571 0xbc94812fe9ec2c93 0x691f3e3aa2f42c77
	 0xb7188d5162d89a1e 0x17fbf02e08fee28a 0x1aa17486e288664f
  Coins: THTHHHTTTHHHHHTTHHHHHTTHHTTHTHTTHHHHHTHTTHTTTTHTTTHTHHHHTTHHTTHTH
  Rolls: 3 6 5 6 2 3 5 6 2 5 1 5 3 5 6 2 3 1 1 3 1 6 6 4 4 5 4 4 4 2 4 6 5
   -->   rolling dice used 33 random numbers
  Cards: 6d 4c 9c 7s Qs Qh 5d 5h Jd 8d 3c 3d 9h Th 7d Tc As 7h 9s 2d 2s Td
	 8s 4s 7c Qd Jc 5c 5s 2c 2h 6s 6c 4h Js Ks 8h 6h Jh Kh 4d 3s Ah 9d
	 3h Kc 8c Qc Kd Ts Ad Ac

Round 5:
  64bit: 0x10bda17a1292d5aa 0xf0cd1384e25b3497 0x8e592be49a6a6181
	 0x5edc4faf5cda5865 0xb2ecea43437a3f8c 0x98dbb99c3550f0e4
  Again: 0x10bda17a1292d5aa 0xf0cd1384e25b3497 0x8e592be49a6a6181
	 0x5edc4faf5cda5865 0xb2ecea43437a3f8c 0x98dbb99c3550f0e4
  Coins: HTHTHHHHHHTHHTTHHHTTTTTTHTTTHHHTHHHHHHHHHTTTTHHTTTHTHHHHTTHHHHTTH
  Rolls: 5 1 4 6 1 4 2 4 2 1 3 2 4 3 6 3 5 5 4 5 1 2 1 1 1 6 5 6 5 4 1 6 4
   -->   rolling dice used 33 random numbers
  Cards: 3d 7h Jd 3h 5d 2s 7d 5s 9d 8s 4c 8c Jc Ah Tc Js Ad 5h 6h Th 7s Kd
	 Qd 9h As 8d 3c 2d 2c Kh 9s 7c Ac 6c 9c 2h Qs 4h Ts 6s Ks Jh 5c 8h
	 3s 6d Kc 4d Td Qh Qc 4s

<end of output>
Test time =   0.08 sec
----------------------------------------------------------
Test Passed.
"check-pcg64_oneseq" end time: Mar 22 18:17 SE Asia Standard Time
"check-pcg64_oneseq" time elapsed: 00:00:00
----------------------------------------------------------

39/42 Testing: check-pcg64_oneseq_once_insecure
39/42 Test: check-pcg64_oneseq_once_insecure
Command: "D:/Cpp/project/pcg-cpp/build-test/test-high/Release/check-pcg64_oneseq_once_insecure.exe"
Directory: D:/Cpp/project/pcg-cpp/build-test/test-high
"check-pcg64_oneseq_once_insecure" start time: Mar 22 18:17 SE Asia Standard Time
Output:
----------------------------------------------------------
pcg64_oneseq_once_insecure:
      -  result:      64-bit unsigned int
      -  period:      2^64
      -  size:        8 bytes

Round 1:
  64bit: 0x27a53829edf003a9 0xdf28458e5c04c31c 0x2756dc550bc36037
	 0xa10325553eb09ee9 0x40a0fccb8d9df09f 0x5c2047cfefb5e9ca
  Again: 0x27a53829edf003a9 0xdf28458e5c04c31c 0x2756dc550bc36037
	 0xa10325553eb09ee9 0x40a0fccb8d9df09f 0x5c2047cfefb5e9ca
  Coins: TTHHHTHHTTHHHTHTTHHTHHTTHHHTTHTTTTHHHTTHTHHHHTHTTTTTTHHHTTTHTTTTT
  Rolls: 6 4 3 6 3 4 6 6 2 3 5 6 1 4 3 6 4 1 5 2 3 4 2 5 4 5 3 6 6 4 4 2 2
   -->   rolling dice used 33 random numbers
  Cards: 3d Ah 7d Kh Td Th 8h 5d Ac 7c Ts As 7s 2s 2c 4h 8s Kc 3c 5h 6s 9c
	 4s Js Kd Qc 3h 2d Jh 6d 7h 3s 9d Tc 5s 9s 9h 4d Ks Jd Qd Ad Qs Jc
	 8d 4c 6c Qh 8c 5c 6h 2h

Round 2:
  64bit: 0xbf1a2718f46a9ab3 0x400c010fa404b25f 0x3e6dcc00e4e9238d
	 0x2ef92088e248ee1f 0xc6ba2d56b70972a8 0x7e11c48b5ee4b511
  Again: 0xbf1a2718f46a9ab3 0x400c010fa404b25f 0x3e6dcc00e4e9238d
	 0x2ef92088e248ee1f 0xc6ba2d56b70972a8 0x7e11c48b5ee4b511
  Coins: HHTHTHTTHTTHTTTTHTTHHHTHHTHTHHHHTHHTTTTTHTHTTHHTTTHTTHTHTTHTTHTHT
  Rolls: 5 1 2 3 6 1 5 2 3 2 2 6 4 6 5 6 1 5 4 3 1 1 5 3 4 5 5 2 3 4 2 3 5
   -->   rolling dice used 33 random numbers
  Cards: 9d Qs 4c 3s 7h 8d 3h Qd Jd 6s Ad Jh 5d Js 5s 8c 4h 5c 7s 8h Kc 9h
	 Ac 9c 3c 2s Tc 7d Ah 6d Jc Ks 2d 2c 9s Th 8s Kh Ts 4d 6h Td Qh Kd
	 3d 6c 2h 5h 7c As Qc 4s

Round 3:
  64bit: 0xa23134099c2db545 0xfd4094498a894a69 0x1199f424f91baa00
	 0x6c1c7a2896530d0b 0x1b9ca95e37253136 0xc05c20630e73d51f
  Again: 0xa23134099c2db545 0xfd4094498a894a69 0x1199f424f91baa00
	 0x6c1c7a2896530d0b 0x1b9ca95e37253136 0xc05c20630e73d51f
  Coins: HHTTHTTTTTTHHHTHHHTHHTTTHTTHHHHHTHTTHHHTHTTTHHHHTTTTHHTTHTTHHHHTT
  Rolls: 5 3 5 1 1 5 6 1 6 4 5 4 5 3 6 1 6 4 6 3 2 4 3 3 2 5 4 4 6 3 6 4 1
   -->   rolling dice used 33 random numbers
  Cards: Ac 7h Ts Kc 9d 7s Js 2h Th 9s 2s 6h 3h Jc 3s 2c 5h 5d Qd 8h 3d 5s
	 6c Qh 7c 8d 7d Td As Ah Ad 6s Ks 4c Jd 9c 3c 4d Jh 9h Qs Qc 2d Kh
	 5c 8c 8s 6d 4h 4s Tc Kd

Round 4:
  64bit: 0x61748befe0c9e052 0x9261b659354e4790 0xf5760c6a80d81414
	 0xe9f8cd09b4a145b6 0x63cea77be983a1c2 0xff19b1c85857ee53
  Again: 0x61748befe0c9e052 0x9261b659354e4790 0xf5760c6a80d81414
	 0xe9f8cd09b4a145b6 0x63cea77be983a1c2 0xff19b1c85857ee53
  Coins: THTHHHTHHHTTHTHTTTHHTHTTHTTHHHTHTHTHHHTTTHHHHHHHHTHTHHHHHTTTTTTTT
  Rolls: 6 6 1 3 3 2 6 5 5 2 3 4 5 3 3 6 6 5 6 1 4 3 5 3 1 2 4 2 2 2 6 6 1
   -->   rolling dice used 33 random numbers
  Cards: Jd 6h 5d 8s 3c Qd 2c 9s Ks 4h Kd 3h 6s 5c Jh Tc 4c Kh 2s 7d 8d Qh
	 As 9c Th 6c 9h 2h Qs 8c 7h 4s Js Ad 3d Jc Ac 7c 5h 2d Qc 6d Ah 7s
	 Ts 3s 5s 8h Kc Td 9d 4d

Round 5:
  64bit: 0x36288c2f6a1fcaba 0x9761b19d77017828 0x4192af9e0d374ee5
	 0x3d3134763fbd6bbf 0x1fb46e26bd261bd6 0x2c22c75b821893ac
  Again: 0x36288c2f6a1fcaba 0x9761b19d77017828 0x4192af9e0d374ee5
	 0x3d3134763fbd6bbf 0x1fb46e26bd261bd6 0x2c22c75b821893ac
  Coins: HHHHHHTTHTHHTTHHHTTTHHHTHHTHHHHHHTTTHTTTHTTTTTTHTTTHTTHTTHTTHHHHH
  Rolls: 6 4 3 4 5 5 2 3 1 6 6 6 6 4 4 4 1 2 2 5 4 1 5 2 3 4 1 4 1 5 1 3 5
   -->   rolling dice used 33 random numbers
  Cards: 9s Th 9d 8c Jc Td 7c 3c 7h 3h 7d 3s 8h Qs 6c Qd Ah Ad 4d 5h Jd Kh
	 8d Qc Ts 6s 9c 5s As Ac 4s 6h 3d Ks 4h 5d 2h 5c 2s 2c Tc Jh 9h Js
	 4c 6d 7s 2d Kc 8s Kd Qh

<end of output>
Test time =   0.11 sec
----------------------------------------------------------
Test Passed.
"check-pcg64_oneseq_once_insecure" end time: Mar 22 18:17 SE Asia Standard Time
"check-pcg64_oneseq_once_insecure" time elapsed: 00:00:00
----------------------------------------------------------

40/42 Testing: check-pcg64_unique
40/42 Test: check-pcg64_unique
Command: "D:/Cpp/project/pcg-cpp/build-test/test-high/Release/check-pcg64_unique.exe"
Directory: D:/Cpp/project/pcg-cpp/build-test/test-high
"check-pcg64_unique" start time: Mar 22 18:17 SE Asia Standard Time
Output:
----------------------------------------------------------
pcg64_unique:
      -  result:      64-bit unsigned int
      -  period:      2^128   (* 2^63 streams)
      -  size:        16 bytes

Round 1:
  64bit: 0x16dbb42e4634b445 0x39abb23b522705a6 0x0d82a4391f0a82cf
	 0x7ef666253fc741e0 0xa3d28b76687fd01f 0xfeb4abc5f2123561
  Coins: HHHTHTHTHHTTTTHTTTHHTHHTTTTTHHTHTHHTTHHHHTHTTHHTTTTHHHHHHTHTTHTTH
  Rolls: 2 3 4 4 5 5 2 5 1 3 5 2 5 3 1 4 6 4 5 4 1 3 4 3 5 5 2 4 4 1 6 1 2
  Cards: Qc 5d Qh Td 2s Jh 4s Th 4h Qs Tc 8s 7d 3s 3d 9h Ts 5h 6d Ah 3h Qd
	 8c 8d 7s 4c 9s 4d 5s 2c Kh Js 9c Jd 7h 5c 6s Ks Ad Kc 7c 2h Jc As
	 Ac 2d Kd 6c 9d 6h 8h 3c

Round 2:
  64bit: 0x4efc4a346bbc9700 0x7f045ddc3996ca29 0x8f9237fd9b83c820
	 0xe5ffcec8a19c3bcf 0x68899aa49a1bd061 0x366d8f7a98b72fe7
  Coins: HTHTHHTHHHTHTHHTTTTTTTHTTHHHTHTHHHHHHHHHTHHTTHHTHHHHHTTTTHHTHTHHH
  Rolls: 6 5 3 2 3 2 4 6 1 6 4 1 6 5 4 3 3 2 3 1 6 1 3 5 3 1 4 2 2 2 2 6 5
  Cards: 2s 2d 5s As 4c Td Jh 3d Ts 7h Ks Ah Jc Jd Qs Kd Qd 5d 3c 7c 5h 5c
	 9h 9d Kc 6c 6d 7s 2h 4h 2c Js Ad 6h 8s 9c Ac 9s 4d 6s 4s Th Qh 8d
	 8h 7d 8c 3s Tc Qc 3h Kh

Round 3:
  64bit: 0x7aa929bcb8a59046 0x30937be8cd5ce477 0x17358f385fd4f117
	 0x39ab9172ba81faf4 0x4f4fbbeee679a0b4 0xf78820ebcc447a84
  Coins: HTHHHHHHTTTTHHTHTHHTHTHTHHHTHTHHHHHHHTTHTTHHHHHHTHHTHTTHHHHHTTTTH
  Rolls: 5 4 2 5 6 5 3 2 1 1 3 5 6 1 1 4 1 6 2 6 1 3 3 1 1 3 2 2 4 1 6 2 4
  Cards: Ts Th Kh Jd 5c Td Kd 2s 2d 8d 6d 8c 7h 7s 4h 3d 5h 4c 2h Js 6c Tc
	 2c 9d Qs 6h Ks Jh 4s Qd 9c 4d 8s Kc 7c 5d 7d Qc 6s Ac 3h Jc 3s As
	 3c 8h 9s 9h Qh 5s Ah Ad

Round 4:
  64bit: 0x1829b92a6d8c0daa 0xadf589246a934e9b 0x94278a064be0bbe9
	 0x6bb40d018784d14c 0x1475d7f01ee1c48a 0x4097caed5fdbff8e
  Coins: TTTHTTHTHHTHHTTTHHTTTHTTHTHTTTHHTHTTHHHTTTHTTTHTHTTTHHTHTTHTTTTTT
  Rolls: 6 2 4 6 3 5 4 2 6 5 2 4 4 1 2 6 5 1 2 5 5 4 3 6 6 3 3 3 6 6 6 6 2
  Cards: 9c 9h 8d Kc 3d 3h Tc Qh Kd Qs Ah 4d 8s 5h Jh 2d 6h 4h Qc 9d Jc 2c
	 Ks 6c 5s 8h 7h Th 3s Ac 9s 3c Qd 5d 7s 2h Ad 7d Kh 6d Td Jd As 7c
	 2s 8c 4c 4s Ts 6s Js 5c

Round 5:
  64bit: 0x1ed42bc9359f445f 0xf295b49c3b000bb5 0x833a55da67f9902f
	 0x0b06cbca33115b34 0x78932af144e48776 0xc4e20ab423d28d1d
  Coins: TTHTHTTTHHTHHHHTHHHTTHHTHHHHTTTTHTTTHTHTHTHTHHHTHTTTTTHTTHHTTTHTH
  Rolls: 1 4 3 3 5 3 3 4 6 4 1 4 6 5 1 3 3 5 6 6 4 3 3 4 6 4 3 3 2 1 3 5 1
  Cards: 5h Qs Tc 4h 7c 3s 8d 7d Kc 7h 7s Kd 9c 8c Jc 9s Qc Td Jh Jd Js Ad
	 5c 8s 3c 2c As 9d Th Kh 6s 6c 2s 4d 4c Qd 5s 4s Ah 6h Ks 6d 2d Ac
	 9h 3h 3d 2h 5d Qh Ts 8h

<end of output>
Test time =   0.10 sec
----------------------------------------------------------
Test Passed.
"check-pcg64_unique" end time: Mar 22 18:17 SE Asia Standard Time
"check-pcg64_unique" time elapsed: 00:00:00
----------------------------------------------------------

41/42 Testing: check-pcg128_once_insecure
41/42 Test: check-pcg128_once_insecure
Command: "D:/Cpp/project/pcg-cpp/build-test/test-high/Release/check-pcg128_once_insecure.exe"
Directory: D:/Cpp/project/pcg-cpp/build-test/test-high
"check-pcg128_once_insecure" start time: Mar 22 18:17 SE Asia Standard Time
Output:
----------------------------------------------------------
pcg128_once_insecure:
      -  result:      128-bit unsigned int
      -  period:      2^128   (* 2^127 streams)
      -  size:        32 bytes

Round 1:
 128bit: 0x5f4ea96e8510af0686b1da1d72062b68 0x341b1cb1e675ec461304aa46c9853d39
	 0xcfdc46c17f1c9974a3670e9e0dd50358 0x02d273b87fe9110cf9090e529a7dae00
	 0x9b4e47fda576f0ddc85b9fd837996f2c 0x17cee59c8cb9c0a1606121f8e3919196
  Again: 0x5f4ea96e8510af0686b1da1d72062b68 0x341b1cb1e675ec461304aa46c9853d39
	 0xcfdc46c17f1c9974a3670e9e0dd50358 0x02d273b87fe9110cf9090e529a7dae00
	 0x9b4e47fda576f0ddc85b9fd837996f2c 0x17cee59c8cb9c0a1606121f8e3919196
  Coins: TTTHHHTTTHHHTTTTHHTTHHTHTHTTHHTHTTTTHHTTTHTHHTHTTTTHHTTTHHHTTTHTT
  Rolls: 4 4 1 5 3 1 1 3 4 5 4 6 2 5 2 5 3 1 3 3 1 4 6 2 5 4 4 3 3 6 6 3 2
   -->   rolling dice used 33 random numbers
  Cards: As 2s 8h Tc 3c 5h Ac 5c 9d 8d Td Ts 4c 7d 9c Jh 3d Th 8s 5s 2h 6d
	 7h 3h Qd 7c Qh Ks Js Kh 6s 3s Qc Ah 6h 9s Ad Kc 6c Kd 5d Jd 2d Jc
	 2c 4d Qs 9h 7s 8c 4h 4s

Round 2:
 128bit: 0x95a15dc187be75191773ba241e7a792a 0x7f9a9c8dc8ee5d30e41aed7117b0bc10
	 0x859f2aaeb7456bae36bac8d9432af525 0xd83833165d913fb0e0c78e2f3c850a38
	 0xa437ee7e51a835ebe3ad939c1c7ce70d 0x9a515b18be44d777a302fdced8c79e93
  Again: 0x95a15dc187be75191773ba241e7a792a 0x7f9a9c8dc8ee5d30e41aed7117b0bc10
	 0x859f2aaeb7456bae36bac8d9432af525 0xd83833165d913fb0e0c78e2f3c850a38
	 0xa437ee7e51a835ebe3ad939c1c7ce70d 0x9a515b18be44d777a302fdced8c79e93
  Coins: TTTTHTHTHHTHTHTTTTTHHTTHHHHTHTHHHHHHHTHHHTHHTHTTTHHHHTTHHTTTHTHTH
  Rolls: 6 5 3 3 2 3 3 2 5 2 6 6 6 4 2 2 5 5 2 2 4 1 5 3 1 5 5 6 2 4 5 2 1
   -->   rolling dice used 33 random numbers
  Cards: 3s Qd Qc 6s 7c 8d 5s 5c Kc 7h Kd Ad 4d 6c Kh Qh 2c Jc Th Jh 4c Ks
	 Td 8s Jd 2h Ac 9c 7s 8c 3c Ah 9h 3h 7d 8h Js Qs As 4s 6d 5d 9s 9d
	 5h 3d 6h Tc 4h Ts 2d 2s

Round 3:
 128bit: 0x6bfdb8dec74ac18ac96006593aed3b62 0xeef8b9c71cb3b932f04d5afa3f197bf1
	 0x904d15f0ead523cfce6f729cc913a50f 0x34d0abbd7c06a00798b5fc4fbb1e4aea
	 0xa7d1cc41ac8cf8d1802dce1b410fc8c3 0x1622c80e085b475ae3bac0a14f6e5033
  Again: 0x6bfdb8dec74ac18ac96006593aed3b62 0xeef8b9c71cb3b932f04d5afa3f197bf1
	 0x904d15f0ead523cfce6f729cc913a50f 0x34d0abbd7c06a00798b5fc4fbb1e4aea
	 0xa7d1cc41ac8cf8d1802dce1b410fc8c3 0x1622c80e085b475ae3bac0a14f6e5033
  Coins: HTTHTHTTTTTHTTTHHTHTHHTHHHHHHHHHTTTHTHTHTHHTTTTTTHHHHTHTTTTHHHHHH
  Rolls: 1 4 4 1 5 1 2 1 4 5 6 3 3 1 6 5 6 5 4 6 6 5 2 6 6 6 1 4 4 6 5 4 1
   -->   rolling dice used 33 random numbers
  Cards: Jh Th 3s 4d 7c Kd Kc 4h 8h 3c 9d 3h Ac 5h 9s 8d 6d 7h 5s Qs 5d Ah
	 Td 8s Ad 6s 7s 7d Ts 2h 5c As Tc 3d Js 4s 2s Jc 2d Ks 6h 2c 4c 6c
	 Qc Qd 9c Kh 8c Jd Qh 9h

Round 4:
 128bit: 0x776dd6f62f789d2368da679de81de48a 0x325b1acf6c0987ad7ee3c031fa0aa440
	 0x4c2fa58857bd28a36eb1663983530403 0x2da890444508568bfec4d7a9a7aec823
	 0x2d0d7462ff348734bce221c255ee9467 0xf27f193f4fdbda86460a42a962b8a2f9
  Again: 0x776dd6f62f789d2368da679de81de48a 0x325b1acf6c0987ad7ee3c031fa0aa440
	 0x4c2fa58857bd28a36eb1663983530403 0x2da890444508568bfec4d7a9a7aec823
	 0x2d0d7462ff348734bce221c255ee9467 0xf27f193f4fdbda86460a42a962b8a2f9
  Coins: HHHTTTTHHHHHTTTTTTTHHHTHHHHTTHTTTHTTTTHTHHHHTHHTTTHHHTHHTTHHHTHTH
  Rolls: 5 1 4 1 2 6 5 4 1 2 1 3 2 2 5 3 5 1 4 2 2 4 1 1 1 2 4 4 5 3 6 5 6
   -->   rolling dice used 33 random numbers
  Cards: 8h Ks 2s 5h Kh 2c Kc 9d 8c 9c 3s Jd Ts 5d 7c 8s Ah Jc 5s 4h Ad 4s
	 7d Qc 4c Jh 3d 6s Qh 7s 4d Tc 2h Ac 6c Js 3c Qd As 8d 9s 5c 9h 3h
	 6h Th Kd 6d 2d Td 7h Qs

Round 5:
 128bit: 0x2a51386ff58abc4f9e0d084cff42fe2f 0x4f5b3035738c6f7a63cd8347aae338ea
	 0xacdba2191e7281ad112aae00540d3fa1 0xa46125301827966c53968bc829afd6ec
	 0xc11d0f0a93287f5c1b9900eb6c5b6d90 0xd723aefa2d73f7b7e89ed17ea33cb420
  Again: 0x2a51386ff58abc4f9e0d084cff42fe2f 0x4f5b3035738c6f7a63cd8347aae338ea
	 0xacdba2191e7281ad112aae00540d3fa1 0xa46125301827966c53968bc829afd6ec
	 0xc11d0f0a93287f5c1b9900eb6c5b6d90 0xd723aefa2d73f7b7e89ed17ea33cb420
  Coins: HTTTTTHTHTHHHTHTTTHTHHTHHTHTTTHHTTHHHTTTTHTTHHTHHTHHHTTHHTHTHHHHH
  Rolls: 6 4 5 5 1 2 1 3 1 5 4 4 5 4 6 2 2 6 6 4 2 3 4 5 3 1 2 1 5 6 1 3 2
   -->   rolling dice used 33 random numbers
  Cards: 8s 8h Td 8c Js Jd 5s Kd 8d 9s 4d Ah 2d 4h As Th 4s 6s Qc Ad 9h 3h
	 Qh 5d 3s 9c 7c 3c Ts Kc 6c Jh 6d 2h 7d 9d Ac 5c Qs 2c 6h Ks 4c 3d
	 Kh 2s 7s Qd Jc 5h 7h Tc

<end of output>
Test time =   0.10 sec
----------------------------------------------------------
Test Passed.
"check-pcg128_once_insecure" end time: Mar 22 18:17 SE Asia Standard Time
"check-pcg128_once_insecure" time elapsed: 00:00:00
----------------------------------------------------------

42/42 Testing: check-pcg128_oneseq_once_insecure
42/42 Test: check-pcg128_oneseq_once_insecure
Command: "D:/Cpp/project/pcg-cpp/build-test/test-high/Release/check-pcg128_oneseq_once_insecure.exe"
Directory: D:/Cpp/project/pcg-cpp/build-test/test-high
"check-pcg128_oneseq_once_insecure" start time: Mar 22 18:17 SE Asia Standard Time
Output:
----------------------------------------------------------
pcg128_oneseq_once_insecure:
      -  result:      128-bit unsigned int
      -  period:      2^128
      -  size:        16 bytes

Round 1:
 128bit: 0xf7d42ec98a2a818c287472e87ff5705a 0x1e69ebc79672e381bbd190b04ed0b545
	 0xefb0314dea875a49b6cee3580db14880 0xff56268e0e45f685bf5f7d7e4c3d1864
	 0x03f0bf312cd0282c734eedbe7e50bbc5 0xfcfdd5e15426494fa5b6b5f867691c77
  Again: 0xf7d42ec98a2a818c287472e87ff5705a 0x1e69ebc79672e381bbd190b04ed0b545
	 0xefb0314dea875a49b6cee3580db14880 0xff56268e0e45f685bf5f7d7e4c3d1864
	 0x03f0bf312cd0282c734eedbe7e50bbc5 0xfcfdd5e15426494fa5b6b5f867691c77
  Coins: HHTHHHTTHTHHTTTHHHTHHHTTTTTHHTHTTTTHHTHHTTTTTTHHTHTHTTTTTHTHHTTHT
  Rolls: 3 6 4 3 6 2 4 3 5 4 1 4 3 3 5 6 3 5 5 3 4 5 5 1 3 4 6 2 3 4 3 3 1
   -->   rolling dice used 33 random numbers
  Cards: 3s Jd Qd Ts 8s 4c Kh 4s Ac Ad 9c Ah 5d 7d 7h Jc Ks Qh 6h Th 6d 9d
	 6c 9h 7s 2d Qs Kc 3h Jh Qc 4h As 2h Tc Td 2c 8h Js 7c 5s 6s 5h 3c
	 2s 9s Kd 5c 3d 8c 8d 4d

Round 2:
 128bit: 0xf657b5d68ca3880a7d97ee72fb94fdf0 0xb6d7db0f93fbc13fb35f07d53cc42b66
	 0x3090b33f287f5fc90854c5caec0c251f 0x7bd6f8253f1bb54df37961a645554320
	 0xc080f66ee911f6861d1d213622351b24 0x42504eca45b1ed4c6edbb396c73fb49f
  Again: 0xf657b5d68ca3880a7d97ee72fb94fdf0 0xb6d7db0f93fbc13fb35f07d53cc42b66
	 0x3090b33f287f5fc90854c5caec0c251f 0x7bd6f8253f1bb54df37961a645554320
	 0xc080f66ee911f6861d1d213622351b24 0x42504eca45b1ed4c6edbb396c73fb49f
  Coins: HHTTHHHTHHHHHTTHHHTHHTHTHTTTHHTHHHHHHTHTTHHHHHTHTTHTHHHTHHTTHHHHH
  Rolls: 3 2 2 6 1 1 4 6 2 6 3 1 4 3 2 1 4 1 5 5 3 5 1 2 6 4 1 1 3 6 6 4 1
   -->   rolling dice used 33 random numbers
  Cards: 7h Qs 4d 2h Qh Jd 6d Tc 3d Ac 9h Js 8c 6h 5s 5d 2d Kc 6c 3h Qd As
	 Qc 2c 7c 4s Jh Td Ah Th 5h 4h 9d 4c Kh Kd 5c 3c Ad 9s 8d Ks 9c 2s
	 6s 7s Ts 8h Jc 7d 8s 3s

Round 3:
 128bit: 0x474a8b4dd63fff9a187ee00430cec695 0xd4f3e727b584915338efe3fb60c70613
	 0xc49d27028d4f01593949bd01ef38c552 0x60ef12216f0362b9d3f1543a45f3b48f
	 0x8eae641ccbbcb70dfb81a0482dc602cd 0xd15396a34394d7f6b48e4f661e4c7fc5
  Again: 0x474a8b4dd63fff9a187ee00430cec695 0xd4f3e727b584915338efe3fb60c70613
	 0xc49d27028d4f01593949bd01ef38c552 0x60ef12216f0362b9d3f1543a45f3b48f
	 0x8eae641ccbbcb70dfb81a0482dc602cd 0xd15396a34394d7f6b48e4f661e4c7fc5
  Coins: THTTTHHTHHHHHHTHTTTTHHTHTHTHHHTHTTTTTHHTHTTTTTHTTTTTHHTHHHTTTTHHT
  Rolls: 1 3 4 6 1 3 4 5 5 6 3 2 4 5 1 1 5 3 4 5 6 2 2 1 3 1 2 5 2 3 3 4 5
   -->   rolling dice used 33 random numbers
  Cards: Ac As 6s Ks Tc Qd Js 6c 8c 8d 4d Ad Jh Jc Qc 6d 7h 3c 5h 5d 4s Th
	 5c 7d Qs 3d Kd Kc Ah 9d 5s 2c 2h 2s Qh Jd 9c 9h 8h 7s 3h Ts 6h 4c
	 8s Kh 9s 7c 3s 4h 2d Td

Round 4:
 128bit: 0x2f507b073ac8d692d04c0a3a8cf6c571 0x36ea864decf51f82bc94812fe9ec2c93
	 0x6b484924a27f6dbd691f3e3aa2f42c77 0x954cc5481ed0a339b7188d5162d89a1e
	 0x71cf26b7d22eeeaa17fbf02e08fee28a 0x1c485acb575bc6b71aa17486e288664f
  Again: 0x2f507b073ac8d692d04c0a3a8cf6c571 0x36ea864decf51f82bc94812fe9ec2c93
	 0x6b484924a27f6dbd691f3e3aa2f42c77 0x954cc5481ed0a339b7188d5162d89a1e
	 0x71cf26b7d22eeeaa17fbf02e08fee28a 0x1c485acb575bc6b71aa17486e288664f
  Coins: THTHHHTTTHHHHHTTHHHHHTTHHTTHTHTTHHHHHTHTTHTTTTHTTTHTHHHHTTHHTTHTH
  Rolls: 3 4 3 2 6 3 1 6 6 5 3 1 1 5 2 2 1 3 1 3 3 6 4 4 4 5 2 2 6 4 6 4 3
   -->   rolling dice used 33 random numbers
  Cards: 4h Qd 7c Ks Jh Jd 3s 9d Js 5s 2h 3d Jc 3h Kh 8c 4d 6c 7s 2d Ac 6h
	 Qc 4s Ad 8s 6d 9s 7h Tc 9h Kd As Ah Ts 3c 2s Qh 8h 7d 5d 2c 5h 8d
	 Th Kc 5c 4c Td Qs 6s 9c

Round 5:
 128bit: 0x5429101b49650cc710bda17a1292d5aa 0xda89dc366ccf5b0bf0cd1384e25b3497
	 0x2e9e600e8203edde8e592be49a6a6181 0x554d49c17d5ce73a5edc4faf5cda5865
	 0x604de2e6fe77a156b2ecea43437a3f8c 0xaaf05073cb7cd14c98dbb99c3550f0e4
  Again: 0x5429101b49650cc710bda17a1292d5aa 0xda89dc366ccf5b0bf0cd1384e25b3497
	 0x2e9e600e8203edde8e592be49a6a6181 0x554d49c17d5ce73a5edc4faf5cda5865
	 0x604de2e6fe77a156b2ecea43437a3f8c 0xaaf05073cb7cd14c98dbb99c3550f0e4
  Coins: HTHTHHHHHHTHHTTHHHTTTTTTHTTTHHHTHHHHHHHHHTTTTHHTTTHTHHHHTTHHHHTTH
  Rolls: 1 5 6 6 5 4 2 4 4 3 5 6 6 1 4 1 5 5 2 3 5 4 1 5 1 2 5 6 3 4 1 6 2
   -->   rolling dice used 33 random numbers
  Cards: Th 3h 3s 8h 6h Kh 4c 4s Js 8c 2s 6c Qc 9c 9s Ks As Ad 5d 7h 5h 3c
	 8d Qs Ts 4d Jh Tc Ac 6s 2c Jc 3d 9d 5s 4h Ah 6d 7c 8s 7d Td Qh Kc
	 2d 9h 5c Qd Jd 2h Kd 7s

<end of output>
Test time =   0.10 sec
----------------------------------------------------------
Test Passed.
"check-pcg128_oneseq_once_insecure" end time: Mar 22 18:17 SE Asia Standard Time
"check-pcg128_oneseq_once_insecure" time elapsed: 00:00:00
----------------------------------------------------------

End testing: Mar 22 18:17 SE Asia Standard Time
